+ JOB=4
+ NO_JOBS=16
+ [[ ! -n 4 ]]
+ [[ ! -n 16 ]]
+ [[ 4 == global ]]
+ set +x
+ pkgcheck -r gentoo --reporter FancyReporter 'dev-ruby/*' 'sci-libs/*' 'sci-biology/*' 'x11-drivers/*' 'x11-apps/*' 'www-servers/*' 'sci-visualization/*' 'net-ftp/*' 'sci-astronomy/*' 'games-simulation/*' -d imlate -d unstable_only -d cleanup -d stale_unstable -d UnusedGlobalFlags -d UnusedLicense --profile-disable-dev --profile-disable-exp
WARNING pkgcore: invalid glsa- glsa-201206-24.xml, package www-servers/tomcat:
               : error range rlt version 5.5.34 is a guaranteed empty set

dev-ruby/actionmailer
  DroppedKeywordWarning: version 4.1.10: keywords dropped: x86

dev-ruby/actionpack
  DroppedKeywordWarning: version 4.1.10: keywords dropped: x86

dev-ruby/activemodel
  DroppedKeywordWarning: version 4.1.10: keywords dropped: x86

dev-ruby/activerecord
  DroppedKeywordWarning: version 4.1.10: keywords dropped: x86

dev-ruby/activeresource
  DroppedKeywordWarning: version 4.0.0: keywords dropped: arm, ppc, ppc64, x86

dev-ruby/blankslate
  DroppedKeywordWarning: version 3.1.2: keywords dropped: alpha, x86

dev-ruby/capistrano
  DroppedKeywordWarning: version 3.3.5: keywords dropped: ppc, ppc64, x86

dev-ruby/dalli
  DroppedKeywordWarning: version 2.7.4-r1: keywords dropped: alpha, arm, hppa, ppc, ppc64, x86

dev-ruby/eventmachine
  WhitespaceFound: version 1.0.7: ebuild has trailing whitespace on line 41

dev-ruby/fakefs
  DroppedKeywordWarning: version 0.6.5: keywords dropped: alpha, sparc

dev-ruby/haml
  DroppedKeywordWarning: version 4.0.6: keywords dropped: x86

dev-ruby/http
  DroppedKeywordWarning: version 0.8.12: keywords dropped: ppc, x86

dev-ruby/i18n
  DroppedKeywordWarning: version 0.6.11: keywords dropped: x86

dev-ruby/jquery-rails
  DroppedKeywordWarning: version 4.0.3: keywords dropped: x86

dev-ruby/liquid
  DroppedKeywordWarning: version 3.0.3: keywords dropped: x86

dev-ruby/listen
  DroppedKeywordWarning: version 2.8.5: keywords dropped: arm, x86

dev-ruby/maruku
  DroppedKeywordWarning: version 0.7.2: keywords dropped: x86

dev-ruby/mime-types
  DroppedKeywordWarning: version 1.25.1: keywords dropped: hppa

dev-ruby/rails
  DroppedKeywordWarning: version 4.1.10: keywords dropped: x86

dev-ruby/railties
  DroppedKeywordWarning: version 4.1.10: keywords dropped: x86

dev-ruby/rcairo
  DeprecatedEAPI: version 1.10.2-r1: uses deprecated EAPI: 2

dev-ruby/rspec
  DeprecatedEAPI: version 1.3.2: uses deprecated EAPI: 2

dev-ruby/rspec-rails
  NonExistentDeps: version 3.3.2: depset depends: nonexistent atoms [ =dev-ruby/rspec-3.3* ]
  NonExistentDeps: version 3.3.2: depset rdepends: nonexistent atoms [ =dev-ruby/rspec-3.3* ]
  NonsolvableDeps: version 3.3.2: nonsolvable depset(depends) keyword(~amd64) profile (default/linux/amd64/13.0): solutions: [ =dev-ruby/rspec-3.3*[ruby_targets_ruby20], =dev-ruby/rspec-3.3*[ruby_targets_ruby19], =dev-ruby/rspec-3.3*[ruby_targets_ruby21] ]
  NonsolvableDeps: version 3.3.2: nonsolvable depset(depends) keyword(~amd64) profile (default/linux/amd64/13.0/desktop): solutions: [ =dev-ruby/rspec-3.3*[ruby_targets_ruby20], =dev-ruby/rspec-3.3*[ruby_targets_ruby19], =dev-ruby/rspec-3.3*[ruby_targets_ruby21] ]
  NonsolvableDeps: version 3.3.2: nonsolvable depset(depends) keyword(~amd64) profile (default/linux/amd64/13.0/desktop/gnome): solutions: [ =dev-ruby/rspec-3.3*[ruby_targets_ruby20], =dev-ruby/rspec-3.3*[ruby_targets_ruby19], =dev-ruby/rspec-3.3*[ruby_targets_ruby21] ]
  NonsolvableDeps: version 3.3.2: nonsolvable depset(depends) keyword(~amd64) profile (default/linux/amd64/13.0/developer): solutions: [ =dev-ruby/rspec-3.3*[ruby_targets_ruby20], =dev-ruby/rspec-3.3*[ruby_targets_ruby19], =dev-ruby/rspec-3.3*[ruby_targets_ruby21] ]
  NonsolvableDeps: version 3.3.2: nonsolvable depset(depends) keyword(~amd64) profile (default/linux/amd64/13.0/desktop/gnome/systemd): solutions: [ =dev-ruby/rspec-3.3*[ruby_targets_ruby20], =dev-ruby/rspec-3.3*[ruby_targets_ruby19], =dev-ruby/rspec-3.3*[ruby_targets_ruby21] ]
  NonsolvableDeps: version 3.3.2: nonsolvable depset(depends) keyword(~amd64) profile (default/linux/amd64/13.0/desktop/kde): solutions: [ =dev-ruby/rspec-3.3*[ruby_targets_ruby20], =dev-ruby/rspec-3.3*[ruby_targets_ruby19], =dev-ruby/rspec-3.3*[ruby_targets_ruby21] ]
  NonsolvableDeps: version 3.3.2: nonsolvable depset(depends) keyword(~amd64) profile (default/linux/amd64/13.0/desktop/plasma): solutions: [ =dev-ruby/rspec-3.3*[ruby_targets_ruby20], =dev-ruby/rspec-3.3*[ruby_targets_ruby19], =dev-ruby/rspec-3.3*[ruby_targets_ruby21] ]
  NonsolvableDeps: version 3.3.2: nonsolvable depset(depends) keyword(~amd64) profile (default/linux/amd64/13.0/desktop/kde/systemd): solutions: [ =dev-ruby/rspec-3.3*[ruby_targets_ruby20], =dev-ruby/rspec-3.3*[ruby_targets_ruby19], =dev-ruby/rspec-3.3*[ruby_targets_ruby21] ]
  NonsolvableDeps: version 3.3.2: nonsolvable depset(depends) keyword(~amd64) profile (default/linux/amd64/13.0/desktop/plasma/systemd): solutions: [ =dev-ruby/rspec-3.3*[ruby_targets_ruby20], =dev-ruby/rspec-3.3*[ruby_targets_ruby19], =dev-ruby/rspec-3.3*[ruby_targets_ruby21] ]
  NonsolvableDeps: version 3.3.2: nonsolvable depset(depends) keyword(~amd64) profile (default/linux/amd64/13.0/systemd): solutions: [ =dev-ruby/rspec-3.3*[ruby_targets_ruby20], =dev-ruby/rspec-3.3*[ruby_targets_ruby19], =dev-ruby/rspec-3.3*[ruby_targets_ruby21] ]
  NonsolvableDeps: version 3.3.2: nonsolvable depset(depends) keyword(~amd64) profile (hardened/linux/amd64): solutions: [ =dev-ruby/rspec-3.3*[ruby_targets_ruby20], =dev-ruby/rspec-3.3*[ruby_targets_ruby19], =dev-ruby/rspec-3.3*[ruby_targets_ruby21] ]
  NonsolvableDeps: version 3.3.2: nonsolvable depset(depends) keyword(~amd64) profile (hardened/linux/amd64/no-multilib): solutions: [ =dev-ruby/rspec-3.3*[ruby_targets_ruby20], =dev-ruby/rspec-3.3*[ruby_targets_ruby19], =dev-ruby/rspec-3.3*[ruby_targets_ruby21] ]
  NonsolvableDeps: version 3.3.2: nonsolvable depset(depends) keyword(~amd64) profile (hardened/linux/amd64/no-multilib/selinux): solutions: [ =dev-ruby/rspec-3.3*[ruby_targets_ruby20], =dev-ruby/rspec-3.3*[ruby_targets_ruby19], =dev-ruby/rspec-3.3*[ruby_targets_ruby21] ]
  NonsolvableDeps: version 3.3.2: nonsolvable depset(depends) keyword(~amd64) profile (hardened/linux/amd64/selinux): solutions: [ =dev-ruby/rspec-3.3*[ruby_targets_ruby20], =dev-ruby/rspec-3.3*[ruby_targets_ruby19], =dev-ruby/rspec-3.3*[ruby_targets_ruby21] ]
  NonsolvableDeps: version 3.3.2: nonsolvable depset(depends) keyword(~x86) profile (default/linux/x86/13.0): solutions: [ =dev-ruby/rspec-3.3*[ruby_targets_ruby20], =dev-ruby/rspec-3.3*[ruby_targets_ruby19], =dev-ruby/rspec-3.3*[ruby_targets_ruby21] ]
  NonsolvableDeps: version 3.3.2: nonsolvable depset(depends) keyword(~x86) profile (default/linux/x86/13.0/desktop): solutions: [ =dev-ruby/rspec-3.3*[ruby_targets_ruby20], =dev-ruby/rspec-3.3*[ruby_targets_ruby19], =dev-ruby/rspec-3.3*[ruby_targets_ruby21] ]
  NonsolvableDeps: version 3.3.2: nonsolvable depset(depends) keyword(~x86) profile (default/linux/x86/13.0/desktop/gnome): solutions: [ =dev-ruby/rspec-3.3*[ruby_targets_ruby20], =dev-ruby/rspec-3.3*[ruby_targets_ruby19], =dev-ruby/rspec-3.3*[ruby_targets_ruby21] ]
  NonsolvableDeps: version 3.3.2: nonsolvable depset(depends) keyword(~x86) profile (default/linux/x86/13.0/developer): solutions: [ =dev-ruby/rspec-3.3*[ruby_targets_ruby20], =dev-ruby/rspec-3.3*[ruby_targets_ruby19], =dev-ruby/rspec-3.3*[ruby_targets_ruby21] ]
  NonsolvableDeps: version 3.3.2: nonsolvable depset(depends) keyword(~x86) profile (default/linux/x86/13.0/desktop/gnome/systemd): solutions: [ =dev-ruby/rspec-3.3*[ruby_targets_ruby20], =dev-ruby/rspec-3.3*[ruby_targets_ruby19], =dev-ruby/rspec-3.3*[ruby_targets_ruby21] ]
  NonsolvableDeps: version 3.3.2: nonsolvable depset(depends) keyword(~x86) profile (default/linux/x86/13.0/desktop/kde): solutions: [ =dev-ruby/rspec-3.3*[ruby_targets_ruby20], =dev-ruby/rspec-3.3*[ruby_targets_ruby19], =dev-ruby/rspec-3.3*[ruby_targets_ruby21] ]
  NonsolvableDeps: version 3.3.2: nonsolvable depset(depends) keyword(~x86) profile (default/linux/x86/13.0/desktop/plasma): solutions: [ =dev-ruby/rspec-3.3*[ruby_targets_ruby20], =dev-ruby/rspec-3.3*[ruby_targets_ruby19], =dev-ruby/rspec-3.3*[ruby_targets_ruby21] ]
  NonsolvableDeps: version 3.3.2: nonsolvable depset(depends) keyword(~x86) profile (default/linux/x86/13.0/desktop/kde/systemd): solutions: [ =dev-ruby/rspec-3.3*[ruby_targets_ruby20], =dev-ruby/rspec-3.3*[ruby_targets_ruby19], =dev-ruby/rspec-3.3*[ruby_targets_ruby21] ]
  NonsolvableDeps: version 3.3.2: nonsolvable depset(depends) keyword(~x86) profile (default/linux/x86/13.0/desktop/plasma/systemd): solutions: [ =dev-ruby/rspec-3.3*[ruby_targets_ruby20], =dev-ruby/rspec-3.3*[ruby_targets_ruby19], =dev-ruby/rspec-3.3*[ruby_targets_ruby21] ]
  NonsolvableDeps: version 3.3.2: nonsolvable depset(depends) keyword(~x86) profile (hardened/linux/x86): solutions: [ =dev-ruby/rspec-3.3*[ruby_targets_ruby20], =dev-ruby/rspec-3.3*[ruby_targets_ruby19], =dev-ruby/rspec-3.3*[ruby_targets_ruby21] ]
  NonsolvableDeps: version 3.3.2: nonsolvable depset(depends) keyword(~x86) profile (hardened/linux/x86/selinux): solutions: [ =dev-ruby/rspec-3.3*[ruby_targets_ruby20], =dev-ruby/rspec-3.3*[ruby_targets_ruby19], =dev-ruby/rspec-3.3*[ruby_targets_ruby21] ]
  NonsolvableDeps: version 3.3.2: nonsolvable depset(rdepends) keyword(~amd64) profile (default/linux/amd64/13.0): solutions: [ =dev-ruby/rspec-3.3*[ruby_targets_ruby20], =dev-ruby/rspec-3.3*[ruby_targets_ruby19], =dev-ruby/rspec-3.3*[ruby_targets_ruby21] ]
  NonsolvableDeps: version 3.3.2: nonsolvable depset(rdepends) keyword(~amd64) profile (default/linux/amd64/13.0/desktop): solutions: [ =dev-ruby/rspec-3.3*[ruby_targets_ruby20], =dev-ruby/rspec-3.3*[ruby_targets_ruby19], =dev-ruby/rspec-3.3*[ruby_targets_ruby21] ]
  NonsolvableDeps: version 3.3.2: nonsolvable depset(rdepends) keyword(~amd64) profile (default/linux/amd64/13.0/desktop/gnome): solutions: [ =dev-ruby/rspec-3.3*[ruby_targets_ruby20], =dev-ruby/rspec-3.3*[ruby_targets_ruby19], =dev-ruby/rspec-3.3*[ruby_targets_ruby21] ]
  NonsolvableDeps: version 3.3.2: nonsolvable depset(rdepends) keyword(~amd64) profile (default/linux/amd64/13.0/developer): solutions: [ =dev-ruby/rspec-3.3*[ruby_targets_ruby20], =dev-ruby/rspec-3.3*[ruby_targets_ruby19], =dev-ruby/rspec-3.3*[ruby_targets_ruby21] ]
  NonsolvableDeps: version 3.3.2: nonsolvable depset(rdepends) keyword(~amd64) profile (default/linux/amd64/13.0/desktop/gnome/systemd): solutions: [ =dev-ruby/rspec-3.3*[ruby_targets_ruby20], =dev-ruby/rspec-3.3*[ruby_targets_ruby19], =dev-ruby/rspec-3.3*[ruby_targets_ruby21] ]
  NonsolvableDeps: version 3.3.2: nonsolvable depset(rdepends) keyword(~amd64) profile (default/linux/amd64/13.0/desktop/kde): solutions: [ =dev-ruby/rspec-3.3*[ruby_targets_ruby20], =dev-ruby/rspec-3.3*[ruby_targets_ruby19], =dev-ruby/rspec-3.3*[ruby_targets_ruby21] ]
  NonsolvableDeps: version 3.3.2: nonsolvable depset(rdepends) keyword(~amd64) profile (default/linux/amd64/13.0/desktop/plasma): solutions: [ =dev-ruby/rspec-3.3*[ruby_targets_ruby20], =dev-ruby/rspec-3.3*[ruby_targets_ruby19], =dev-ruby/rspec-3.3*[ruby_targets_ruby21] ]
  NonsolvableDeps: version 3.3.2: nonsolvable depset(rdepends) keyword(~amd64) profile (default/linux/amd64/13.0/desktop/kde/systemd): solutions: [ =dev-ruby/rspec-3.3*[ruby_targets_ruby20], =dev-ruby/rspec-3.3*[ruby_targets_ruby19], =dev-ruby/rspec-3.3*[ruby_targets_ruby21] ]
  NonsolvableDeps: version 3.3.2: nonsolvable depset(rdepends) keyword(~amd64) profile (default/linux/amd64/13.0/desktop/plasma/systemd): solutions: [ =dev-ruby/rspec-3.3*[ruby_targets_ruby20], =dev-ruby/rspec-3.3*[ruby_targets_ruby19], =dev-ruby/rspec-3.3*[ruby_targets_ruby21] ]
  NonsolvableDeps: version 3.3.2: nonsolvable depset(rdepends) keyword(~amd64) profile (default/linux/amd64/13.0/systemd): solutions: [ =dev-ruby/rspec-3.3*[ruby_targets_ruby20], =dev-ruby/rspec-3.3*[ruby_targets_ruby19], =dev-ruby/rspec-3.3*[ruby_targets_ruby21] ]
  NonsolvableDeps: version 3.3.2: nonsolvable depset(rdepends) keyword(~amd64) profile (hardened/linux/amd64): solutions: [ =dev-ruby/rspec-3.3*[ruby_targets_ruby20], =dev-ruby/rspec-3.3*[ruby_targets_ruby19], =dev-ruby/rspec-3.3*[ruby_targets_ruby21] ]
  NonsolvableDeps: version 3.3.2: nonsolvable depset(rdepends) keyword(~amd64) profile (hardened/linux/amd64/no-multilib): solutions: [ =dev-ruby/rspec-3.3*[ruby_targets_ruby20], =dev-ruby/rspec-3.3*[ruby_targets_ruby19], =dev-ruby/rspec-3.3*[ruby_targets_ruby21] ]
  NonsolvableDeps: version 3.3.2: nonsolvable depset(rdepends) keyword(~amd64) profile (hardened/linux/amd64/no-multilib/selinux): solutions: [ =dev-ruby/rspec-3.3*[ruby_targets_ruby20], =dev-ruby/rspec-3.3*[ruby_targets_ruby19], =dev-ruby/rspec-3.3*[ruby_targets_ruby21] ]
  NonsolvableDeps: version 3.3.2: nonsolvable depset(rdepends) keyword(~amd64) profile (hardened/linux/amd64/selinux): solutions: [ =dev-ruby/rspec-3.3*[ruby_targets_ruby20], =dev-ruby/rspec-3.3*[ruby_targets_ruby19], =dev-ruby/rspec-3.3*[ruby_targets_ruby21] ]
  NonsolvableDeps: version 3.3.2: nonsolvable depset(rdepends) keyword(~x86) profile (default/linux/x86/13.0): solutions: [ =dev-ruby/rspec-3.3*[ruby_targets_ruby20], =dev-ruby/rspec-3.3*[ruby_targets_ruby19], =dev-ruby/rspec-3.3*[ruby_targets_ruby21] ]
  NonsolvableDeps: version 3.3.2: nonsolvable depset(rdepends) keyword(~x86) profile (default/linux/x86/13.0/desktop): solutions: [ =dev-ruby/rspec-3.3*[ruby_targets_ruby20], =dev-ruby/rspec-3.3*[ruby_targets_ruby19], =dev-ruby/rspec-3.3*[ruby_targets_ruby21] ]
  NonsolvableDeps: version 3.3.2: nonsolvable depset(rdepends) keyword(~x86) profile (default/linux/x86/13.0/desktop/gnome): solutions: [ =dev-ruby/rspec-3.3*[ruby_targets_ruby20], =dev-ruby/rspec-3.3*[ruby_targets_ruby19], =dev-ruby/rspec-3.3*[ruby_targets_ruby21] ]
  NonsolvableDeps: version 3.3.2: nonsolvable depset(rdepends) keyword(~x86) profile (default/linux/x86/13.0/developer): solutions: [ =dev-ruby/rspec-3.3*[ruby_targets_ruby20], =dev-ruby/rspec-3.3*[ruby_targets_ruby19], =dev-ruby/rspec-3.3*[ruby_targets_ruby21] ]
  NonsolvableDeps: version 3.3.2: nonsolvable depset(rdepends) keyword(~x86) profile (default/linux/x86/13.0/desktop/gnome/systemd): solutions: [ =dev-ruby/rspec-3.3*[ruby_targets_ruby20], =dev-ruby/rspec-3.3*[ruby_targets_ruby19], =dev-ruby/rspec-3.3*[ruby_targets_ruby21] ]
  NonsolvableDeps: version 3.3.2: nonsolvable depset(rdepends) keyword(~x86) profile (default/linux/x86/13.0/desktop/kde): solutions: [ =dev-ruby/rspec-3.3*[ruby_targets_ruby20], =dev-ruby/rspec-3.3*[ruby_targets_ruby19], =dev-ruby/rspec-3.3*[ruby_targets_ruby21] ]
  NonsolvableDeps: version 3.3.2: nonsolvable depset(rdepends) keyword(~x86) profile (default/linux/x86/13.0/desktop/plasma): solutions: [ =dev-ruby/rspec-3.3*[ruby_targets_ruby20], =dev-ruby/rspec-3.3*[ruby_targets_ruby19], =dev-ruby/rspec-3.3*[ruby_targets_ruby21] ]
  NonsolvableDeps: version 3.3.2: nonsolvable depset(rdepends) keyword(~x86) profile (default/linux/x86/13.0/desktop/kde/systemd): solutions: [ =dev-ruby/rspec-3.3*[ruby_targets_ruby20], =dev-ruby/rspec-3.3*[ruby_targets_ruby19], =dev-ruby/rspec-3.3*[ruby_targets_ruby21] ]
  NonsolvableDeps: version 3.3.2: nonsolvable depset(rdepends) keyword(~x86) profile (default/linux/x86/13.0/desktop/plasma/systemd): solutions: [ =dev-ruby/rspec-3.3*[ruby_targets_ruby20], =dev-ruby/rspec-3.3*[ruby_targets_ruby19], =dev-ruby/rspec-3.3*[ruby_targets_ruby21] ]
  NonsolvableDeps: version 3.3.2: nonsolvable depset(rdepends) keyword(~x86) profile (hardened/linux/x86): solutions: [ =dev-ruby/rspec-3.3*[ruby_targets_ruby20], =dev-ruby/rspec-3.3*[ruby_targets_ruby19], =dev-ruby/rspec-3.3*[ruby_targets_ruby21] ]
  NonsolvableDeps: version 3.3.2: nonsolvable depset(rdepends) keyword(~x86) profile (hardened/linux/x86/selinux): solutions: [ =dev-ruby/rspec-3.3*[ruby_targets_ruby20], =dev-ruby/rspec-3.3*[ruby_targets_ruby19], =dev-ruby/rspec-3.3*[ruby_targets_ruby21] ]
  DroppedKeywordWarning: version 2.99.0: keywords dropped: x86

dev-ruby/rspec-support
  NonExistentDeps: version 3.3.0: depset depends: nonexistent atoms [ >=dev-ruby/rspec-3.3.0:3 ]
  NonsolvableDeps: version 3.3.0: nonsolvable depset(depends) keyword(~amd64) profile (default/linux/amd64/13.0): solutions: [ >=dev-ruby/rspec-3.3.0:3[ruby_targets_ruby19], >=dev-ruby/rspec-3.3.0:3[ruby_targets_ruby20], >=dev-ruby/rspec-3.3.0:3[ruby_targets_ruby21], >=dev-ruby/rspec-3.3.0:3[ruby_targets_ruby22] ]
  NonsolvableDeps: version 3.3.0: nonsolvable depset(depends) keyword(~amd64) profile (default/linux/amd64/13.0/desktop): solutions: [ >=dev-ruby/rspec-3.3.0:3[ruby_targets_ruby19], >=dev-ruby/rspec-3.3.0:3[ruby_targets_ruby20], >=dev-ruby/rspec-3.3.0:3[ruby_targets_ruby21], >=dev-ruby/rspec-3.3.0:3[ruby_targets_ruby22] ]
  NonsolvableDeps: version 3.3.0: nonsolvable depset(depends) keyword(~amd64) profile (default/linux/amd64/13.0/desktop/gnome): solutions: [ >=dev-ruby/rspec-3.3.0:3[ruby_targets_ruby19], >=dev-ruby/rspec-3.3.0:3[ruby_targets_ruby20], >=dev-ruby/rspec-3.3.0:3[ruby_targets_ruby21], >=dev-ruby/rspec-3.3.0:3[ruby_targets_ruby22] ]
  NonsolvableDeps: version 3.3.0: nonsolvable depset(depends) keyword(~amd64) profile (default/linux/amd64/13.0/developer): solutions: [ >=dev-ruby/rspec-3.3.0:3[ruby_targets_ruby19], >=dev-ruby/rspec-3.3.0:3[ruby_targets_ruby20], >=dev-ruby/rspec-3.3.0:3[ruby_targets_ruby21], >=dev-ruby/rspec-3.3.0:3[ruby_targets_ruby22] ]
  NonsolvableDeps: version 3.3.0: nonsolvable depset(depends) keyword(~amd64) profile (default/linux/amd64/13.0/desktop/gnome/systemd): solutions: [ >=dev-ruby/rspec-3.3.0:3[ruby_targets_ruby19], >=dev-ruby/rspec-3.3.0:3[ruby_targets_ruby20], >=dev-ruby/rspec-3.3.0:3[ruby_targets_ruby21], >=dev-ruby/rspec-3.3.0:3[ruby_targets_ruby22] ]
  NonsolvableDeps: version 3.3.0: nonsolvable depset(depends) keyword(~amd64) profile (default/linux/amd64/13.0/desktop/kde): solutions: [ >=dev-ruby/rspec-3.3.0:3[ruby_targets_ruby19], >=dev-ruby/rspec-3.3.0:3[ruby_targets_ruby20], >=dev-ruby/rspec-3.3.0:3[ruby_targets_ruby21], >=dev-ruby/rspec-3.3.0:3[ruby_targets_ruby22] ]
  NonsolvableDeps: version 3.3.0: nonsolvable depset(depends) keyword(~amd64) profile (default/linux/amd64/13.0/desktop/plasma): solutions: [ >=dev-ruby/rspec-3.3.0:3[ruby_targets_ruby19], >=dev-ruby/rspec-3.3.0:3[ruby_targets_ruby20], >=dev-ruby/rspec-3.3.0:3[ruby_targets_ruby21], >=dev-ruby/rspec-3.3.0:3[ruby_targets_ruby22] ]
  NonsolvableDeps: version 3.3.0: nonsolvable depset(depends) keyword(~amd64) profile (default/linux/amd64/13.0/desktop/kde/systemd): solutions: [ >=dev-ruby/rspec-3.3.0:3[ruby_targets_ruby19], >=dev-ruby/rspec-3.3.0:3[ruby_targets_ruby20], >=dev-ruby/rspec-3.3.0:3[ruby_targets_ruby21], >=dev-ruby/rspec-3.3.0:3[ruby_targets_ruby22] ]
  NonsolvableDeps: version 3.3.0: nonsolvable depset(depends) keyword(~amd64) profile (default/linux/amd64/13.0/desktop/plasma/systemd): solutions: [ >=dev-ruby/rspec-3.3.0:3[ruby_targets_ruby19], >=dev-ruby/rspec-3.3.0:3[ruby_targets_ruby20], >=dev-ruby/rspec-3.3.0:3[ruby_targets_ruby21], >=dev-ruby/rspec-3.3.0:3[ruby_targets_ruby22] ]
  NonsolvableDeps: version 3.3.0: nonsolvable depset(depends) keyword(~amd64) profile (default/linux/amd64/13.0/systemd): solutions: [ >=dev-ruby/rspec-3.3.0:3[ruby_targets_ruby19], >=dev-ruby/rspec-3.3.0:3[ruby_targets_ruby20], >=dev-ruby/rspec-3.3.0:3[ruby_targets_ruby21], >=dev-ruby/rspec-3.3.0:3[ruby_targets_ruby22] ]
  NonsolvableDeps: version 3.3.0: nonsolvable depset(depends) keyword(~amd64) profile (hardened/linux/amd64): solutions: [ >=dev-ruby/rspec-3.3.0:3[ruby_targets_ruby19], >=dev-ruby/rspec-3.3.0:3[ruby_targets_ruby20], >=dev-ruby/rspec-3.3.0:3[ruby_targets_ruby21], >=dev-ruby/rspec-3.3.0:3[ruby_targets_ruby22] ]
  NonsolvableDeps: version 3.3.0: nonsolvable depset(depends) keyword(~amd64) profile (hardened/linux/amd64/no-multilib): solutions: [ >=dev-ruby/rspec-3.3.0:3[ruby_targets_ruby19], >=dev-ruby/rspec-3.3.0:3[ruby_targets_ruby20], >=dev-ruby/rspec-3.3.0:3[ruby_targets_ruby21], >=dev-ruby/rspec-3.3.0:3[ruby_targets_ruby22] ]
  NonsolvableDeps: version 3.3.0: nonsolvable depset(depends) keyword(~amd64) profile (hardened/linux/amd64/no-multilib/selinux): solutions: [ >=dev-ruby/rspec-3.3.0:3[ruby_targets_ruby19], >=dev-ruby/rspec-3.3.0:3[ruby_targets_ruby20], >=dev-ruby/rspec-3.3.0:3[ruby_targets_ruby21], >=dev-ruby/rspec-3.3.0:3[ruby_targets_ruby22] ]
  NonsolvableDeps: version 3.3.0: nonsolvable depset(depends) keyword(~amd64) profile (hardened/linux/amd64/selinux): solutions: [ >=dev-ruby/rspec-3.3.0:3[ruby_targets_ruby19], >=dev-ruby/rspec-3.3.0:3[ruby_targets_ruby20], >=dev-ruby/rspec-3.3.0:3[ruby_targets_ruby21], >=dev-ruby/rspec-3.3.0:3[ruby_targets_ruby22] ]
  NonsolvableDeps: version 3.3.0: nonsolvable depset(depends) keyword(~arm) profile (default/linux/arm/13.0): solutions: [ >=dev-ruby/rspec-3.3.0:3[ruby_targets_ruby19], >=dev-ruby/rspec-3.3.0:3[ruby_targets_ruby20], >=dev-ruby/rspec-3.3.0:3[ruby_targets_ruby21], >=dev-ruby/rspec-3.3.0:3[ruby_targets_ruby22] ]
  NonsolvableDeps: version 3.3.0: nonsolvable depset(depends) keyword(~hppa) profile (default/linux/hppa/13.0): solutions: [ >=dev-ruby/rspec-3.3.0:3[ruby_targets_ruby19], >=dev-ruby/rspec-3.3.0:3[ruby_targets_ruby20], >=dev-ruby/rspec-3.3.0:3[ruby_targets_ruby21], >=dev-ruby/rspec-3.3.0:3[ruby_targets_ruby22] ]
  NonsolvableDeps: version 3.3.0: nonsolvable depset(depends) keyword(~x86) profile (default/linux/x86/13.0): solutions: [ >=dev-ruby/rspec-3.3.0:3[ruby_targets_ruby19], >=dev-ruby/rspec-3.3.0:3[ruby_targets_ruby20], >=dev-ruby/rspec-3.3.0:3[ruby_targets_ruby21], >=dev-ruby/rspec-3.3.0:3[ruby_targets_ruby22] ]
  NonsolvableDeps: version 3.3.0: nonsolvable depset(depends) keyword(~x86) profile (default/linux/x86/13.0/desktop): solutions: [ >=dev-ruby/rspec-3.3.0:3[ruby_targets_ruby19], >=dev-ruby/rspec-3.3.0:3[ruby_targets_ruby20], >=dev-ruby/rspec-3.3.0:3[ruby_targets_ruby21], >=dev-ruby/rspec-3.3.0:3[ruby_targets_ruby22] ]
  NonsolvableDeps: version 3.3.0: nonsolvable depset(depends) keyword(~x86) profile (default/linux/x86/13.0/desktop/gnome): solutions: [ >=dev-ruby/rspec-3.3.0:3[ruby_targets_ruby19], >=dev-ruby/rspec-3.3.0:3[ruby_targets_ruby20], >=dev-ruby/rspec-3.3.0:3[ruby_targets_ruby21], >=dev-ruby/rspec-3.3.0:3[ruby_targets_ruby22] ]
  NonsolvableDeps: version 3.3.0: nonsolvable depset(depends) keyword(~x86) profile (default/linux/x86/13.0/developer): solutions: [ >=dev-ruby/rspec-3.3.0:3[ruby_targets_ruby19], >=dev-ruby/rspec-3.3.0:3[ruby_targets_ruby20], >=dev-ruby/rspec-3.3.0:3[ruby_targets_ruby21], >=dev-ruby/rspec-3.3.0:3[ruby_targets_ruby22] ]
  NonsolvableDeps: version 3.3.0: nonsolvable depset(depends) keyword(~x86) profile (default/linux/x86/13.0/desktop/gnome/systemd): solutions: [ >=dev-ruby/rspec-3.3.0:3[ruby_targets_ruby19], >=dev-ruby/rspec-3.3.0:3[ruby_targets_ruby20], >=dev-ruby/rspec-3.3.0:3[ruby_targets_ruby21], >=dev-ruby/rspec-3.3.0:3[ruby_targets_ruby22] ]
  NonsolvableDeps: version 3.3.0: nonsolvable depset(depends) keyword(~x86) profile (default/linux/x86/13.0/desktop/kde): solutions: [ >=dev-ruby/rspec-3.3.0:3[ruby_targets_ruby19], >=dev-ruby/rspec-3.3.0:3[ruby_targets_ruby20], >=dev-ruby/rspec-3.3.0:3[ruby_targets_ruby21], >=dev-ruby/rspec-3.3.0:3[ruby_targets_ruby22] ]
  NonsolvableDeps: version 3.3.0: nonsolvable depset(depends) keyword(~x86) profile (default/linux/x86/13.0/desktop/plasma): solutions: [ >=dev-ruby/rspec-3.3.0:3[ruby_targets_ruby19], >=dev-ruby/rspec-3.3.0:3[ruby_targets_ruby20], >=dev-ruby/rspec-3.3.0:3[ruby_targets_ruby21], >=dev-ruby/rspec-3.3.0:3[ruby_targets_ruby22] ]
  NonsolvableDeps: version 3.3.0: nonsolvable depset(depends) keyword(~x86) profile (default/linux/x86/13.0/desktop/kde/systemd): solutions: [ >=dev-ruby/rspec-3.3.0:3[ruby_targets_ruby19], >=dev-ruby/rspec-3.3.0:3[ruby_targets_ruby20], >=dev-ruby/rspec-3.3.0:3[ruby_targets_ruby21], >=dev-ruby/rspec-3.3.0:3[ruby_targets_ruby22] ]
  NonsolvableDeps: version 3.3.0: nonsolvable depset(depends) keyword(~x86) profile (default/linux/x86/13.0/desktop/plasma/systemd): solutions: [ >=dev-ruby/rspec-3.3.0:3[ruby_targets_ruby19], >=dev-ruby/rspec-3.3.0:3[ruby_targets_ruby20], >=dev-ruby/rspec-3.3.0:3[ruby_targets_ruby21], >=dev-ruby/rspec-3.3.0:3[ruby_targets_ruby22] ]
  NonsolvableDeps: version 3.3.0: nonsolvable depset(depends) keyword(~x86) profile (hardened/linux/x86): solutions: [ >=dev-ruby/rspec-3.3.0:3[ruby_targets_ruby19], >=dev-ruby/rspec-3.3.0:3[ruby_targets_ruby20], >=dev-ruby/rspec-3.3.0:3[ruby_targets_ruby21], >=dev-ruby/rspec-3.3.0:3[ruby_targets_ruby22] ]
  NonsolvableDeps: version 3.3.0: nonsolvable depset(depends) keyword(~x86) profile (hardened/linux/x86/selinux): solutions: [ >=dev-ruby/rspec-3.3.0:3[ruby_targets_ruby19], >=dev-ruby/rspec-3.3.0:3[ruby_targets_ruby20], >=dev-ruby/rspec-3.3.0:3[ruby_targets_ruby21], >=dev-ruby/rspec-3.3.0:3[ruby_targets_ruby22] ]
  NonsolvableDeps: version 3.3.0: nonsolvable depset(depends) keyword(~ia64) profile (default/linux/ia64/13.0): solutions: [ >=dev-ruby/rspec-3.3.0:3[ruby_targets_ruby19], >=dev-ruby/rspec-3.3.0:3[ruby_targets_ruby20], >=dev-ruby/rspec-3.3.0:3[ruby_targets_ruby21], >=dev-ruby/rspec-3.3.0:3[ruby_targets_ruby22] ]
  NonsolvableDeps: version 3.3.0: nonsolvable depset(depends) keyword(~ia64) profile (default/linux/ia64/13.0/desktop): solutions: [ >=dev-ruby/rspec-3.3.0:3[ruby_targets_ruby19], >=dev-ruby/rspec-3.3.0:3[ruby_targets_ruby20], >=dev-ruby/rspec-3.3.0:3[ruby_targets_ruby21], >=dev-ruby/rspec-3.3.0:3[ruby_targets_ruby22] ]
  NonsolvableDeps: version 3.3.0: nonsolvable depset(depends) keyword(~ia64) profile (default/linux/ia64/13.0/desktop/gnome): solutions: [ >=dev-ruby/rspec-3.3.0:3[ruby_targets_ruby19], >=dev-ruby/rspec-3.3.0:3[ruby_targets_ruby20], >=dev-ruby/rspec-3.3.0:3[ruby_targets_ruby21], >=dev-ruby/rspec-3.3.0:3[ruby_targets_ruby22] ]
  NonsolvableDeps: version 3.3.0: nonsolvable depset(depends) keyword(~ia64) profile (default/linux/ia64/13.0/developer): solutions: [ >=dev-ruby/rspec-3.3.0:3[ruby_targets_ruby19], >=dev-ruby/rspec-3.3.0:3[ruby_targets_ruby20], >=dev-ruby/rspec-3.3.0:3[ruby_targets_ruby21], >=dev-ruby/rspec-3.3.0:3[ruby_targets_ruby22] ]
  NonsolvableDeps: version 3.3.0: nonsolvable depset(depends) keyword(~ia64) profile (default/linux/ia64/13.0/desktop/gnome/systemd): solutions: [ >=dev-ruby/rspec-3.3.0:3[ruby_targets_ruby19], >=dev-ruby/rspec-3.3.0:3[ruby_targets_ruby20], >=dev-ruby/rspec-3.3.0:3[ruby_targets_ruby21], >=dev-ruby/rspec-3.3.0:3[ruby_targets_ruby22] ]
  NonsolvableDeps: version 3.3.0: nonsolvable depset(depends) keyword(~ia64) profile (default/linux/ia64/13.0/desktop/kde): solutions: [ >=dev-ruby/rspec-3.3.0:3[ruby_targets_ruby19], >=dev-ruby/rspec-3.3.0:3[ruby_targets_ruby20], >=dev-ruby/rspec-3.3.0:3[ruby_targets_ruby21], >=dev-ruby/rspec-3.3.0:3[ruby_targets_ruby22] ]
  NonsolvableDeps: version 3.3.0: nonsolvable depset(depends) keyword(~ia64) profile (default/linux/ia64/13.0/desktop/kde/systemd): solutions: [ >=dev-ruby/rspec-3.3.0:3[ruby_targets_ruby19], >=dev-ruby/rspec-3.3.0:3[ruby_targets_ruby20], >=dev-ruby/rspec-3.3.0:3[ruby_targets_ruby21], >=dev-ruby/rspec-3.3.0:3[ruby_targets_ruby22] ]
  NonsolvableDeps: version 3.3.0: nonsolvable depset(depends) keyword(~ppc) profile (default/linux/powerpc/ppc32/13.0): solutions: [ >=dev-ruby/rspec-3.3.0:3[ruby_targets_ruby19], >=dev-ruby/rspec-3.3.0:3[ruby_targets_ruby20], >=dev-ruby/rspec-3.3.0:3[ruby_targets_ruby21], >=dev-ruby/rspec-3.3.0:3[ruby_targets_ruby22] ]
  NonsolvableDeps: version 3.3.0: nonsolvable depset(depends) keyword(~ppc) profile (default/linux/powerpc/ppc32/13.0/desktop): solutions: [ >=dev-ruby/rspec-3.3.0:3[ruby_targets_ruby19], >=dev-ruby/rspec-3.3.0:3[ruby_targets_ruby20], >=dev-ruby/rspec-3.3.0:3[ruby_targets_ruby21], >=dev-ruby/rspec-3.3.0:3[ruby_targets_ruby22] ]
  NonsolvableDeps: version 3.3.0: nonsolvable depset(depends) keyword(~ppc) profile (default/linux/powerpc/ppc32/13.0/desktop/gnome): solutions: [ >=dev-ruby/rspec-3.3.0:3[ruby_targets_ruby19], >=dev-ruby/rspec-3.3.0:3[ruby_targets_ruby20], >=dev-ruby/rspec-3.3.0:3[ruby_targets_ruby21], >=dev-ruby/rspec-3.3.0:3[ruby_targets_ruby22] ]
  NonsolvableDeps: version 3.3.0: nonsolvable depset(depends) keyword(~ppc) profile (default/linux/powerpc/ppc32/13.0/developer): solutions: [ >=dev-ruby/rspec-3.3.0:3[ruby_targets_ruby19], >=dev-ruby/rspec-3.3.0:3[ruby_targets_ruby20], >=dev-ruby/rspec-3.3.0:3[ruby_targets_ruby21], >=dev-ruby/rspec-3.3.0:3[ruby_targets_ruby22] ]
  NonsolvableDeps: version 3.3.0: nonsolvable depset(depends) keyword(~ppc) profile (default/linux/powerpc/ppc32/13.0/desktop/gnome/systemd): solutions: [ >=dev-ruby/rspec-3.3.0:3[ruby_targets_ruby19], >=dev-ruby/rspec-3.3.0:3[ruby_targets_ruby20], >=dev-ruby/rspec-3.3.0:3[ruby_targets_ruby21], >=dev-ruby/rspec-3.3.0:3[ruby_targets_ruby22] ]
  NonsolvableDeps: version 3.3.0: nonsolvable depset(depends) keyword(~ppc) profile (default/linux/powerpc/ppc32/13.0/desktop/kde): solutions: [ >=dev-ruby/rspec-3.3.0:3[ruby_targets_ruby19], >=dev-ruby/rspec-3.3.0:3[ruby_targets_ruby20], >=dev-ruby/rspec-3.3.0:3[ruby_targets_ruby21], >=dev-ruby/rspec-3.3.0:3[ruby_targets_ruby22] ]
  NonsolvableDeps: version 3.3.0: nonsolvable depset(depends) keyword(~ppc) profile (default/linux/powerpc/ppc32/13.0/desktop/kde/systemd): solutions: [ >=dev-ruby/rspec-3.3.0:3[ruby_targets_ruby19], >=dev-ruby/rspec-3.3.0:3[ruby_targets_ruby20], >=dev-ruby/rspec-3.3.0:3[ruby_targets_ruby21], >=dev-ruby/rspec-3.3.0:3[ruby_targets_ruby22] ]
  NonsolvableDeps: version 3.3.0: nonsolvable depset(depends) keyword(~ppc) profile (default/linux/powerpc/ppc64/13.0/32bit-userland): solutions: [ >=dev-ruby/rspec-3.3.0:3[ruby_targets_ruby19], >=dev-ruby/rspec-3.3.0:3[ruby_targets_ruby20], >=dev-ruby/rspec-3.3.0:3[ruby_targets_ruby21], >=dev-ruby/rspec-3.3.0:3[ruby_targets_ruby22] ]
  NonsolvableDeps: version 3.3.0: nonsolvable depset(depends) keyword(~ppc) profile (default/linux/powerpc/ppc64/13.0/32bit-userland/desktop): solutions: [ >=dev-ruby/rspec-3.3.0:3[ruby_targets_ruby19], >=dev-ruby/rspec-3.3.0:3[ruby_targets_ruby20], >=dev-ruby/rspec-3.3.0:3[ruby_targets_ruby21], >=dev-ruby/rspec-3.3.0:3[ruby_targets_ruby22] ]
  NonsolvableDeps: version 3.3.0: nonsolvable depset(depends) keyword(~ppc) profile (default/linux/powerpc/ppc64/13.0/32bit-userland/desktop/gnome): solutions: [ >=dev-ruby/rspec-3.3.0:3[ruby_targets_ruby19], >=dev-ruby/rspec-3.3.0:3[ruby_targets_ruby20], >=dev-ruby/rspec-3.3.0:3[ruby_targets_ruby21], >=dev-ruby/rspec-3.3.0:3[ruby_targets_ruby22] ]
  NonsolvableDeps: version 3.3.0: nonsolvable depset(depends) keyword(~ppc) profile (default/linux/powerpc/ppc64/13.0/32bit-userland/developer): solutions: [ >=dev-ruby/rspec-3.3.0:3[ruby_targets_ruby19], >=dev-ruby/rspec-3.3.0:3[ruby_targets_ruby20], >=dev-ruby/rspec-3.3.0:3[ruby_targets_ruby21], >=dev-ruby/rspec-3.3.0:3[ruby_targets_ruby22] ]
  NonsolvableDeps: version 3.3.0: nonsolvable depset(depends) keyword(~ppc) profile (default/linux/powerpc/ppc64/13.0/32bit-userland/desktop/gnome/systemd): solutions: [ >=dev-ruby/rspec-3.3.0:3[ruby_targets_ruby19], >=dev-ruby/rspec-3.3.0:3[ruby_targets_ruby20], >=dev-ruby/rspec-3.3.0:3[ruby_targets_ruby21], >=dev-ruby/rspec-3.3.0:3[ruby_targets_ruby22] ]
  NonsolvableDeps: version 3.3.0: nonsolvable depset(depends) keyword(~ppc) profile (default/linux/powerpc/ppc64/13.0/32bit-userland/desktop/kde): solutions: [ >=dev-ruby/rspec-3.3.0:3[ruby_targets_ruby19], >=dev-ruby/rspec-3.3.0:3[ruby_targets_ruby20], >=dev-ruby/rspec-3.3.0:3[ruby_targets_ruby21], >=dev-ruby/rspec-3.3.0:3[ruby_targets_ruby22] ]
  NonsolvableDeps: version 3.3.0: nonsolvable depset(depends) keyword(~ppc) profile (default/linux/powerpc/ppc64/13.0/32bit-userland/desktop/kde/systemd): solutions: [ >=dev-ruby/rspec-3.3.0:3[ruby_targets_ruby19], >=dev-ruby/rspec-3.3.0:3[ruby_targets_ruby20], >=dev-ruby/rspec-3.3.0:3[ruby_targets_ruby21], >=dev-ruby/rspec-3.3.0:3[ruby_targets_ruby22] ]
  NonsolvableDeps: version 3.3.0: nonsolvable depset(depends) keyword(~alpha) profile (default/linux/alpha/13.0): solutions: [ >=dev-ruby/rspec-3.3.0:3[ruby_targets_ruby19], >=dev-ruby/rspec-3.3.0:3[ruby_targets_ruby20], >=dev-ruby/rspec-3.3.0:3[ruby_targets_ruby21], >=dev-ruby/rspec-3.3.0:3[ruby_targets_ruby22] ]
  NonsolvableDeps: version 3.3.0: nonsolvable depset(depends) keyword(~alpha) profile (default/linux/alpha/13.0/desktop): solutions: [ >=dev-ruby/rspec-3.3.0:3[ruby_targets_ruby19], >=dev-ruby/rspec-3.3.0:3[ruby_targets_ruby20], >=dev-ruby/rspec-3.3.0:3[ruby_targets_ruby21], >=dev-ruby/rspec-3.3.0:3[ruby_targets_ruby22] ]
  NonsolvableDeps: version 3.3.0: nonsolvable depset(depends) keyword(~alpha) profile (default/linux/alpha/13.0/desktop/gnome): solutions: [ >=dev-ruby/rspec-3.3.0:3[ruby_targets_ruby19], >=dev-ruby/rspec-3.3.0:3[ruby_targets_ruby20], >=dev-ruby/rspec-3.3.0:3[ruby_targets_ruby21], >=dev-ruby/rspec-3.3.0:3[ruby_targets_ruby22] ]
  NonsolvableDeps: version 3.3.0: nonsolvable depset(depends) keyword(~alpha) profile (default/linux/alpha/13.0/developer): solutions: [ >=dev-ruby/rspec-3.3.0:3[ruby_targets_ruby19], >=dev-ruby/rspec-3.3.0:3[ruby_targets_ruby20], >=dev-ruby/rspec-3.3.0:3[ruby_targets_ruby21], >=dev-ruby/rspec-3.3.0:3[ruby_targets_ruby22] ]
  NonsolvableDeps: version 3.3.0: nonsolvable depset(depends) keyword(~alpha) profile (default/linux/alpha/13.0/desktop/gnome/systemd): solutions: [ >=dev-ruby/rspec-3.3.0:3[ruby_targets_ruby19], >=dev-ruby/rspec-3.3.0:3[ruby_targets_ruby20], >=dev-ruby/rspec-3.3.0:3[ruby_targets_ruby21], >=dev-ruby/rspec-3.3.0:3[ruby_targets_ruby22] ]
  NonsolvableDeps: version 3.3.0: nonsolvable depset(depends) keyword(~alpha) profile (default/linux/alpha/13.0/desktop/kde): solutions: [ >=dev-ruby/rspec-3.3.0:3[ruby_targets_ruby19], >=dev-ruby/rspec-3.3.0:3[ruby_targets_ruby20], >=dev-ruby/rspec-3.3.0:3[ruby_targets_ruby21], >=dev-ruby/rspec-3.3.0:3[ruby_targets_ruby22] ]
  NonsolvableDeps: version 3.3.0: nonsolvable depset(depends) keyword(~alpha) profile (default/linux/alpha/13.0/desktop/kde/systemd): solutions: [ >=dev-ruby/rspec-3.3.0:3[ruby_targets_ruby19], >=dev-ruby/rspec-3.3.0:3[ruby_targets_ruby20], >=dev-ruby/rspec-3.3.0:3[ruby_targets_ruby21], >=dev-ruby/rspec-3.3.0:3[ruby_targets_ruby22] ]
  NonsolvableDeps: version 3.3.0: nonsolvable depset(depends) keyword(~sparc) profile (default/linux/sparc/13.0): solutions: [ >=dev-ruby/rspec-3.3.0:3[ruby_targets_ruby19], >=dev-ruby/rspec-3.3.0:3[ruby_targets_ruby20], >=dev-ruby/rspec-3.3.0:3[ruby_targets_ruby21], >=dev-ruby/rspec-3.3.0:3[ruby_targets_ruby22] ]
  NonsolvableDeps: version 3.3.0: nonsolvable depset(depends) keyword(~sparc) profile (default/linux/sparc/13.0/desktop): solutions: [ >=dev-ruby/rspec-3.3.0:3[ruby_targets_ruby19], >=dev-ruby/rspec-3.3.0:3[ruby_targets_ruby20], >=dev-ruby/rspec-3.3.0:3[ruby_targets_ruby21], >=dev-ruby/rspec-3.3.0:3[ruby_targets_ruby22] ]
  NonsolvableDeps: version 3.3.0: nonsolvable depset(depends) keyword(~sparc) profile (default/linux/sparc/13.0/desktop/gnome): solutions: [ >=dev-ruby/rspec-3.3.0:3[ruby_targets_ruby19], >=dev-ruby/rspec-3.3.0:3[ruby_targets_ruby20], >=dev-ruby/rspec-3.3.0:3[ruby_targets_ruby21], >=dev-ruby/rspec-3.3.0:3[ruby_targets_ruby22] ]
  NonsolvableDeps: version 3.3.0: nonsolvable depset(depends) keyword(~sparc) profile (default/linux/sparc/13.0/developer): solutions: [ >=dev-ruby/rspec-3.3.0:3[ruby_targets_ruby19], >=dev-ruby/rspec-3.3.0:3[ruby_targets_ruby20], >=dev-ruby/rspec-3.3.0:3[ruby_targets_ruby21], >=dev-ruby/rspec-3.3.0:3[ruby_targets_ruby22] ]
  NonsolvableDeps: version 3.3.0: nonsolvable depset(depends) keyword(~sparc) profile (default/linux/sparc/13.0/desktop/gnome/systemd): solutions: [ >=dev-ruby/rspec-3.3.0:3[ruby_targets_ruby19], >=dev-ruby/rspec-3.3.0:3[ruby_targets_ruby20], >=dev-ruby/rspec-3.3.0:3[ruby_targets_ruby21], >=dev-ruby/rspec-3.3.0:3[ruby_targets_ruby22] ]
  NonsolvableDeps: version 3.3.0: nonsolvable depset(depends) keyword(~sparc) profile (default/linux/sparc/13.0/desktop/kde): solutions: [ >=dev-ruby/rspec-3.3.0:3[ruby_targets_ruby19], >=dev-ruby/rspec-3.3.0:3[ruby_targets_ruby20], >=dev-ruby/rspec-3.3.0:3[ruby_targets_ruby21], >=dev-ruby/rspec-3.3.0:3[ruby_targets_ruby22] ]
  NonsolvableDeps: version 3.3.0: nonsolvable depset(depends) keyword(~sparc) profile (default/linux/sparc/13.0/desktop/kde/systemd): solutions: [ >=dev-ruby/rspec-3.3.0:3[ruby_targets_ruby19], >=dev-ruby/rspec-3.3.0:3[ruby_targets_ruby20], >=dev-ruby/rspec-3.3.0:3[ruby_targets_ruby21], >=dev-ruby/rspec-3.3.0:3[ruby_targets_ruby22] ]
  NonsolvableDeps: version 3.3.0: nonsolvable depset(depends) keyword(~ppc64) profile (default/linux/powerpc/ppc64/13.0/64bit-userland): solutions: [ >=dev-ruby/rspec-3.3.0:3[ruby_targets_ruby19], >=dev-ruby/rspec-3.3.0:3[ruby_targets_ruby20], >=dev-ruby/rspec-3.3.0:3[ruby_targets_ruby21], >=dev-ruby/rspec-3.3.0:3[ruby_targets_ruby22] ]
  NonsolvableDeps: version 3.3.0: nonsolvable depset(depends) keyword(~ppc64) profile (default/linux/powerpc/ppc64/13.0/64bit-userland/desktop): solutions: [ >=dev-ruby/rspec-3.3.0:3[ruby_targets_ruby19], >=dev-ruby/rspec-3.3.0:3[ruby_targets_ruby20], >=dev-ruby/rspec-3.3.0:3[ruby_targets_ruby21], >=dev-ruby/rspec-3.3.0:3[ruby_targets_ruby22] ]
  NonsolvableDeps: version 3.3.0: nonsolvable depset(depends) keyword(~ppc64) profile (default/linux/powerpc/ppc64/13.0/64bit-userland/desktop/gnome): solutions: [ >=dev-ruby/rspec-3.3.0:3[ruby_targets_ruby19], >=dev-ruby/rspec-3.3.0:3[ruby_targets_ruby20], >=dev-ruby/rspec-3.3.0:3[ruby_targets_ruby21], >=dev-ruby/rspec-3.3.0:3[ruby_targets_ruby22] ]
  NonsolvableDeps: version 3.3.0: nonsolvable depset(depends) keyword(~ppc64) profile (default/linux/powerpc/ppc64/13.0/64bit-userland/developer): solutions: [ >=dev-ruby/rspec-3.3.0:3[ruby_targets_ruby19], >=dev-ruby/rspec-3.3.0:3[ruby_targets_ruby20], >=dev-ruby/rspec-3.3.0:3[ruby_targets_ruby21], >=dev-ruby/rspec-3.3.0:3[ruby_targets_ruby22] ]
  NonsolvableDeps: version 3.3.0: nonsolvable depset(depends) keyword(~ppc64) profile (default/linux/powerpc/ppc64/13.0/64bit-userland/desktop/gnome/systemd): solutions: [ >=dev-ruby/rspec-3.3.0:3[ruby_targets_ruby19], >=dev-ruby/rspec-3.3.0:3[ruby_targets_ruby20], >=dev-ruby/rspec-3.3.0:3[ruby_targets_ruby21], >=dev-ruby/rspec-3.3.0:3[ruby_targets_ruby22] ]
  NonsolvableDeps: version 3.3.0: nonsolvable depset(depends) keyword(~ppc64) profile (default/linux/powerpc/ppc64/13.0/64bit-userland/desktop/kde): solutions: [ >=dev-ruby/rspec-3.3.0:3[ruby_targets_ruby19], >=dev-ruby/rspec-3.3.0:3[ruby_targets_ruby20], >=dev-ruby/rspec-3.3.0:3[ruby_targets_ruby21], >=dev-ruby/rspec-3.3.0:3[ruby_targets_ruby22] ]
  NonsolvableDeps: version 3.3.0: nonsolvable depset(depends) keyword(~ppc64) profile (default/linux/powerpc/ppc64/13.0/64bit-userland/desktop/kde/systemd): solutions: [ >=dev-ruby/rspec-3.3.0:3[ruby_targets_ruby19], >=dev-ruby/rspec-3.3.0:3[ruby_targets_ruby20], >=dev-ruby/rspec-3.3.0:3[ruby_targets_ruby21], >=dev-ruby/rspec-3.3.0:3[ruby_targets_ruby22] ]

dev-ruby/ruby-elf
  DeprecatedEclass: version 9999: uses deprecated eclass(es): [ git-2 (migrate to git-r3) ]

dev-ruby/ruby-gnome2
  DroppedKeywordWarning: version 1.2.6: keywords dropped: x86

dev-ruby/rubyzip
  DroppedKeywordWarning: version 1.1.7: keywords dropped: alpha, arm

dev-ruby/sanitize
  DroppedKeywordWarning: version 4.0.0-r1: keywords dropped: x86

dev-ruby/shoulda
  DroppedKeywordWarning: version 3.5.0-r1: keywords dropped: alpha, ia64, sparc, x86

dev-ruby/term-ansicolor
  DroppedKeywordWarning: version 1.3.0-r1: keywords dropped: alpha, arm, ia64, sparc

dev-ruby/test-unit
  DeprecatedEAPI: version 1.2.3: uses deprecated EAPI: 2

dev-ruby/trollop
  DroppedKeywordWarning: version 2.0: keywords dropped: arm
  DroppedKeywordWarning: version 2.1.1: keywords dropped: alpha, sparc
WARNING pkgcore: invalid glsa- glsa-201206-24.xml, package www-servers/tomcat:
               : error range rlt version 5.5.34 is a guaranteed empty set

sci-libs/acml
  MissingChksum: version 4.1.0-r2: "acml-4-1-0-ifort-64bit.tgz" missing required chksums: sha512, whirlpool; has chksums: sha256, size
  MissingChksum: version 4.1.0-r2: "acml-4-1-0-ifort-64bit-int64.tgz" missing required chksums: sha512, whirlpool; has chksums: sha256, size
  MissingChksum: version 4.1.0-r2: "acml-4-1-0-gfortran-64bit.tgz" missing required chksums: sha512, whirlpool; has chksums: sha256, size
  MissingChksum: version 4.1.0-r2: "acml-4-1-0-gfortran-64bit-int64.tgz" missing required chksums: sha512, whirlpool; has chksums: sha256, size
  MissingChksum: version 4.1.0-r2: "acml-4-1-0-ifort-32bit.tgz" missing required chksums: sha512, whirlpool; has chksums: sha256, size
  MissingChksum: version 4.1.0-r2: "acml-4-1-0-gfortran-32bit.tgz" missing required chksums: sha512, whirlpool; has chksums: sha256, size

sci-libs/armadillo
  DroppedKeywordWarning: version 4.650.4: keywords dropped: arm, ppc, ppc64

sci-libs/blas-reference
  DeprecatedEAPI: version 20070226: uses deprecated EAPI: 0
  DeprecatedEAPI: version 20070226-r2: uses deprecated EAPI: 3
  DeprecatedEAPI: version 20070226-r3: uses deprecated EAPI: 3
  DroppedKeywordWarning: version 20070226-r3: keywords dropped: alpha, amd64, arm, hppa, ia64, mips, ppc, ppc64, s390, sparc, x86

sci-libs/buddy
  DeprecatedEAPI: version 2.2: uses deprecated EAPI: 0

sci-libs/cblas-reference
  DeprecatedEAPI: version 20030223-r4: uses deprecated EAPI: 0
  DeprecatedEAPI: version 20030223-r5: uses deprecated EAPI: 3

sci-libs/ccp4-libs
  SizeViolation: "files/6.1.3-lapack.patch" exceeds 20k in size; 21644 bytes total

sci-libs/cfitsio
  DeprecatedEAPI: version 3.140: uses deprecated EAPI: 2

sci-libs/coot-data
  DeprecatedEAPI: version 2: uses deprecated EAPI: 3

sci-libs/cxsparse
  DeprecatedEAPI: version 2.2.1: uses deprecated EAPI: 0
  MissingChksum: version 2.2.1: "CXSparse-2.2.1.tar.gz" missing required chksums: sha512, whirlpool; has chksums: sha256, size
  MissingChksum: version 2.2.6: "CXSparse-2.2.6.tar.gz" missing required chksums: sha512, whirlpool; has chksums: sha256, size

sci-libs/fftw
  DroppedKeywordWarning: version 3.3.4: keywords dropped: s390

sci-libs/galib
  DeprecatedEAPI: version 2.4.6: uses deprecated EAPI: 0
  MissingChksum: version 2.4.6: "galib246.tgz" missing required chksums: sha512, whirlpool; has chksums: sha256, size

sci-libs/gaul-devel
  DeprecatedEAPI: version 0.1849-r1: uses deprecated EAPI: 0

sci-libs/gdal
  DeprecatedEclass: version 1.9.2: uses deprecated eclass(es): [ python (migrate to python-r1 / python-single-r1 / python-any-r1) ]
  DeprecatedEclass: version 1.10.0-r1: uses deprecated eclass(es): [ python (migrate to python-r1 / python-single-r1 / python-any-r1) ]

sci-libs/gpp4
  MissingChksum: version 1.3.1: "gpp4-1.3.1.tar.gz" missing required chksums: sha512, whirlpool; has chksums: sha256, size

sci-libs/grib_api
  DeprecatedEclass: version 1.9.16: uses deprecated eclass(es): [ python (migrate to python-r1 / python-single-r1 / python-any-r1) ]

sci-libs/gsl
  DeprecatedEAPI: version 1.14: uses deprecated EAPI: 3
  DeprecatedEAPI: version 1.14-r1: uses deprecated EAPI: 3
  MissingChksum: version 1.14: "gsl-1.14.tar.gz" missing required chksums: sha512, whirlpool; has chksums: sha256, size

sci-libs/io_lib
  DeprecatedEAPI: version 1.10.1: uses deprecated EAPI: 0
  DeprecatedEAPI: version 1.11.2.1: uses deprecated EAPI: 0
  DroppedKeywordWarning: version 1.12.5: keywords dropped: alpha, ia64, sparc
  MissingChksum: version 1.11.2.1: "io_lib-1.11.2.1.tar.gz" missing required chksums: sha512, whirlpool; has chksums: sha256, size

sci-libs/jama
  DeprecatedEAPI: version 1.2.5: uses deprecated EAPI: 0
  MissingChksum: version 1.2.5: "jama102doc.zip" missing required chksums: sha512, whirlpool; has chksums: sha256, size

sci-libs/jmol-acme
  MissingChksum: version 1.0: "Acme.tar.gz" missing required chksums: sha512, whirlpool; has chksums: rmd160, sha1, sha256, size

sci-libs/lapack-reference
  DeprecatedEAPI: version 3.1.1-r1: uses deprecated EAPI: 0
  DeprecatedEAPI: version 3.2.1-r1: uses deprecated EAPI: 3
  DeprecatedEAPI: version 3.2.1-r3: uses deprecated EAPI: 3
  DroppedKeywordWarning: version 3.2.1-r3: keywords dropped: alpha, amd64, arm, hppa, ia64, ppc, ppc64, s390, sparc, x86

sci-libs/ldl
  MissingChksum: version 2.0.4: "LDL-2.0.4.tar.gz" missing required chksums: sha512, whirlpool; has chksums: sha256, size

sci-libs/libbufr
  DeprecatedEAPI: version 000360: uses deprecated EAPI: 2
  DeprecatedEAPI: version 000387: uses deprecated EAPI: 3

sci-libs/libcore
  DeprecatedEAPI: version 1.8: uses deprecated EAPI: 2
  DeprecatedEAPI: version 2.0.8: uses deprecated EAPI: 2
  MissingChksum: version 1.8: "core_v1.8.tgz" missing required chksums: sha512, whirlpool; has chksums: sha256, size
  MissingChksum: version 1.8: "core_v1.8_doc.tgz" missing required chksums: sha512, whirlpool; has chksums: sha256, size
  MissingChksum: version 2.0.8: "core-2.0.8.tgz" missing required chksums: sha512, whirlpool; has chksums: sha256, size
  MissingChksum: version 2.0.8: "core-2.0.doc.tgz" missing required chksums: sha512, whirlpool; has chksums: sha256, size
  MissingChksum: version 2.1.1-r1: "core-2.1.doc.tgz" missing required chksums: sha512, whirlpool; has chksums: sha256, size

sci-libs/libexcelformat
  DeprecatedEAPI: version 101016: uses deprecated EAPI: 3
  MissingChksum: version 101016: "libexcelformat-101016.tar.bz2" missing required chksums: sha512, whirlpool; has chksums: sha256, size

sci-libs/libgenome
  DeprecatedEAPI: version 1.3-r1: uses deprecated EAPI: 2
  DeprecatedEAPI: version 9999: uses deprecated EAPI: 2

sci-libs/libgeodecomp
  NoFinalNewline: version 0.3.1: ebuild lacks an ending newline

sci-libs/libgenome
  MissingChksum: version 1.3-r1: "libgenome-1.3-r1.tar.bz2" missing required chksums: sha512, whirlpool; has chksums: sha256, size

sci-libs/libghemical
  DeprecatedEAPI: version 2.00: uses deprecated EAPI: 0
  DeprecatedEAPI: version 2.99.1: uses deprecated EAPI: 3
  DeprecatedEAPI: version 3.0.0: uses deprecated EAPI: 3
  MissingChksum: version 2.00: "libghemical-2.00.tar.gz" missing required chksums: sha512, whirlpool; has chksums: sha256, size
  MissingChksum: version 2.99.1: "libghemical-2.99.1.tar.gz" missing required chksums: sha512, whirlpool; has chksums: sha256, size

sci-libs/libmems
  DeprecatedEAPI: version 1.6: uses deprecated EAPI: 2

sci-libs/libmuscle
  DeprecatedEAPI: version 3.7-r1: uses deprecated EAPI: 2
  DeprecatedEAPI: version 3.7-r2: uses deprecated EAPI: 2
  DeprecatedEAPI: version 9999: uses deprecated EAPI: 2
  MissingChksum: version 3.7-r1: "libmuscle-3.7-r1.tar.bz2" missing required chksums: sha512, whirlpool; has chksums: sha256, size

sci-libs/libnova
  DeprecatedEAPI: version 0.12.3: uses deprecated EAPI: 2
  MissingChksum: version 0.12.3: "libnova-0.12.3.tar.gz" missing required chksums: sha512, whirlpool; has chksums: sha256, size
  MissingChksum: version 0.14.0: "libnova-0.14.0.tar.gz" missing required chksums: sha512, whirlpool; has chksums: sha256, size

sci-libs/liborigin
  DeprecatedEAPI: version 20100903: uses deprecated EAPI: 3
  MissingChksum: version 20100903: "liborigin-20100903.tar.bz2" missing required chksums: sha512, whirlpool; has chksums: sha256, size

sci-libs/libpdb
  DeprecatedEAPI: version 991112: uses deprecated EAPI: 3

sci-libs/libpdb++
  DeprecatedEAPI: version 040728: uses deprecated EAPI: 3

sci-libs/libsigrok
  DeprecatedEclass: version 9999: uses deprecated eclass(es): [ git-2 (migrate to git-r3) ]

sci-libs/libsigrokdecode
  DeprecatedEclass: version 9999: uses deprecated eclass(es): [ git-2 (migrate to git-r3) ]

sci-libs/libticalcs2
  MissingChksum: version 1.1.7: "libticalcs2-1.1.7.tar.bz2" missing required chksums: sha512, whirlpool; has chksums: sha256, size

sci-libs/libtifiles2
  MissingChksum: version 1.1.5: "libtifiles2-1.1.5.tar.bz2" missing required chksums: sha512, whirlpool; has chksums: sha256, size

sci-libs/lrslib
  DeprecatedEAPI: version 042c-r1: uses deprecated EAPI: 2

sci-libs/metis
  DroppedKeywordWarning: version 5.1.0-r1: keywords dropped: mips

sci-libs/minuit
  MissingChksum: version 5.28.00: "Minuit2-5.28.00.tar.gz" missing required chksums: sha512, whirlpool; has chksums: rmd160, sha1, sha256, size
  MissingChksum: version 5.28.00: "mnusersguide.pdf" missing required chksums: sha512, whirlpool; has chksums: rmd160, sha1, sha256, size
  MissingChksum: version 5.28.00: "mntutorial.pdf" missing required chksums: sha512, whirlpool; has chksums: rmd160, sha1, sha256, size

sci-libs/mkl
  DeprecatedEAPI: version 10.0.5.025: uses deprecated EAPI: 0

sci-libs/mmtk
  DeprecatedEclass: version 2.7.3: uses deprecated eclass(es): [ distutils (migrate to distutils-r1), python (migrate to python-r1 / python-single-r1 / python-any-r1) ]
  DeprecatedEclass: version 2.7.5: uses deprecated eclass(es): [ distutils (migrate to distutils-r1), python (migrate to python-r1 / python-single-r1 / python-any-r1) ]
  MissingChksum: version 2.7.3: "MMTK-2.7.3.tar.gz" missing required chksums: sha512, whirlpool; has chksums: sha256, size

sci-libs/naga
  MissingChksum: version 2.1: "naga-2.1.tar.bz2" missing required chksums: sha512, whirlpool; has chksums: rmd160, sha1, sha256, size

sci-libs/nlopt
  DeprecatedEclass: version 2.2.4: uses deprecated eclass(es): [ python (migrate to python-r1 / python-single-r1 / python-any-r1) ]
  DeprecatedEclass: version 2.3-r1: uses deprecated eclass(es): [ python (migrate to python-r1 / python-single-r1 / python-any-r1) ]
  DeprecatedEclass: version 2.3-r2: uses deprecated eclass(es): [ python (migrate to python-r1 / python-single-r1 / python-any-r1) ]

sci-libs/ogdi
  DeprecatedEAPI: version 3.1.5-r1: uses deprecated EAPI: 0
  NonExistentDeps: version 3.1.5-r1: depset depends: nonexistent atoms [ <sci-libs/proj-4.8.0 ]
  NonExistentDeps: version 3.1.5-r1: depset rdepends: nonexistent atoms [ <sci-libs/proj-4.8.0 ]
  MissingChksum: version 3.1.5-r1: "ogdi-3.1.5.tar.gz" missing required chksums: sha512, whirlpool; has chksums: sha256, size

sci-libs/opencascade
  BadInsIntoDir: version 6.5.5: ebuild uses insinto /etc/env.d on line 147
  BadInsIntoDir: version 6.6.0: ebuild uses insinto /etc/env.d on line 146
  BadInsIntoDir: version 6.7.0: ebuild uses insinto /etc/env.d on line 144
  BadInsIntoDir: version 6.7.1: ebuild uses insinto /etc/env.d on line 144
  BadInsIntoDir: version 6.8.0: ebuild uses insinto /etc/env.d on line 142

sci-libs/openfoam-bin
  DeprecatedEAPI: version 1.6: uses deprecated EAPI: 2
  MissingChksum: version 1.6: "OpenFOAM-1.6.General.tgz" missing required chksums: sha512, whirlpool; has chksums: sha256, size
  MissingChksum: version 1.6: "OpenFOAM-1.6.linuxGccDPOpt.tgz" missing required chksums: sha512, whirlpool; has chksums: sha256, size
  MissingChksum: version 1.6: "OpenFOAM-1.6.linux64GccDPOpt.tgz" missing required chksums: sha512, whirlpool; has chksums: sha256, size
  MissingChksum: version 1.6: "OpenFOAM-1.6-compile.patch.bz2" missing required chksums: sha512, whirlpool; has chksums: sha256, size

sci-libs/parmgridgen
  DeprecatedEAPI: version 1.0: uses deprecated EAPI: 2

sci-libs/plotmm
  DeprecatedEAPI: version 0.1.2: uses deprecated EAPI: 2
  MissingChksum: version 0.1.2: "plotmm-0.1.2.tar.gz" missing required chksums: sha512, whirlpool; has chksums: sha256, size

sci-libs/pymmlib
  DeprecatedEAPI: version 1.0.0-r1: uses deprecated EAPI: 3
  DeprecatedEclass: version 1.0.0-r1: uses deprecated eclass(es): [ distutils (migrate to distutils-r1), python (migrate to python-r1 / python-single-r1 / python-any-r1) ]
  DeprecatedEclass: version 1.2.0: uses deprecated eclass(es): [ distutils (migrate to distutils-r1), python (migrate to python-r1 / python-single-r1 / python-any-r1) ]

sci-libs/qrupdate
  DeprecatedEAPI: version 1.1.0: uses deprecated EAPI: 2
  MissingChksum: version 1.1.0: "qrupdate-1.1.0.tar.gz" missing required chksums: sha512, whirlpool; has chksums: sha256, size
  MissingChksum: version 1.1.1: "qrupdate-1.1.1.tar.gz" missing required chksums: sha512, whirlpool; has chksums: sha256, size

sci-libs/rosetta-fragments
  NonExistentDeps: version 3.1-r1: depset rdepends: nonexistent atoms [ sci-biology/ncbi-tools++ ]

sci-libs/spqr
  MissingChksum: version 1.2.3-r1: "SPQR-1.2.3.tar.gz" missing required chksums: sha512, whirlpool; has chksums: sha256, size

sci-libs/szip
  DeprecatedEAPI: version 2.1: uses deprecated EAPI: 0
  MissingChksum: version 2.1: "szip-2.1.tar.gz" missing required chksums: sha512, whirlpool; has chksums: sha256, size

sci-libs/ta-lib
  MissingChksum: version 0.4.0: "ta-lib-0.4.0-src.tar.gz" missing required chksums: sha512, whirlpool; has chksums: sha256, size

sci-libs/tnt
  MissingChksum: version 1.2.6: "tnt126.zip" missing required chksums: sha512, whirlpool; has chksums: sha256, size
  MissingChksum: version 1.2.6: "tnt120doc.zip" missing required chksums: sha512, whirlpool; has chksums: sha256, size

sci-libs/torch
  DeprecatedEAPI: version 3: uses deprecated EAPI: 0
  MissingChksum: version 3: "Torch3doc.tgz" missing required chksums: sha512, whirlpool; has chksums: sha256, size

sci-libs/udunits
  DeprecatedEAPI: version 2.1.15: uses deprecated EAPI: 2
  MissingChksum: version 2.1.15: "udunits-2.1.15.tar.gz" missing required chksums: sha512, whirlpool; has chksums: sha256, size

sci-libs/ufconfig
  DeprecatedEAPI: version 3.1.0: uses deprecated EAPI: 0
  DeprecatedEAPI: version 3.5.0: uses deprecated EAPI: 0
  DeprecatedEAPI: version 3.6.0: uses deprecated EAPI: 0
  MissingChksum: version 3.1.0: "UFconfig-3.1.0.tar.gz" missing required chksums: sha512, whirlpool; has chksums: sha256, size
  MissingChksum: version 3.5.0: "UFconfig-3.5.0.tar.gz" missing required chksums: sha512, whirlpool; has chksums: sha256, size
  MissingChksum: version 3.6.0: "UFconfig-3.6.0.tar.gz" missing required chksums: sha512, whirlpool; has chksums: sha256, size
  MissingChksum: version 3.6.1: "UFconfig-3.6.1.tar.gz" missing required chksums: sha512, whirlpool; has chksums: sha256, size

sci-libs/umfpack
  DeprecatedEAPI: version 5.2.0: uses deprecated EAPI: 0
  DroppedKeywordWarning: version 5.6.2: keywords dropped: sparc

sci-libs/votca-tools
  DeprecatedEAPI: version 1.2.2: uses deprecated EAPI: 3
  NonExistentDeps: version 1.2.2: depset depends: nonexistent atoms [ <app-doc/doxygen-1.7.6.1 ]
  NonExistentDeps: version 1.2.4: depset depends: nonexistent atoms [ <app-doc/doxygen-1.7.6.1 ]
  MissingChksum: version 1.2.2: "votca-tools-1.2.2.tar.gz" missing required chksums: sha512, whirlpool; has chksums: sha256, size

sci-libs/vtk
  DroppedKeywordWarning: version 6.1.0: keywords dropped: arm

sci-libs/xgks-pmel
  MissingChksum: version 2.5.5: "xgks-pmel-2.5.5.tar.gz" missing required chksums: sha512, whirlpool; has chksums: sha256, size
WARNING pkgcore: invalid glsa- glsa-201206-24.xml, package www-servers/tomcat:
               : error range rlt version 5.5.34 is a guaranteed empty set

sci-biology/aaindex
  DeprecatedEAPI: version 9.1: uses deprecated EAPI: 0
  MissingChksum: version 9.1: "aaindex-9.1.tar.bz2" missing required chksums: sha512, whirlpool; has chksums: rmd160, sha1, sha256, size

sci-biology/amap
  DeprecatedEAPI: version 2.2-r2: uses deprecated EAPI: 2
  MissingChksum: version 2.2-r2: "amap.2.2.tar.gz" missing required chksums: sha512, whirlpool; has chksums: rmd160, sha1, sha256, size

sci-biology/arb
  DeprecatedEAPI: version 5.1-r1: uses deprecated EAPI: 2
  MissingChksum: version 5.1-r1: "arb-5.1.tgz" missing required chksums: sha512, whirlpool; has chksums: sha256, size
  MissingChksum: version 5.1-r1: "arb-5.1-glibc2.10.patch.bz2" missing required chksums: sha512, whirlpool; has chksums: sha256, size
  MissingChksum: version 5.1-r1: "arb-5.1-linker.patch.bz2" missing required chksums: sha512, whirlpool; has chksums: sha256, size

sci-biology/ariadne
  DeprecatedEAPI: version 1.3-r1: uses deprecated EAPI: 0

sci-biology/beast-mcmc
  DeprecatedEAPI: version 1.5.2: uses deprecated EAPI: 2
  DeprecatedEAPI: version 9999: uses deprecated EAPI: 2

sci-biology/bedtools
  MissingChksum: version 2.16.2: "BEDTools.v2.16.2.tar.gz" missing required chksums: sha512, whirlpool; has chksums: sha256, size

sci-biology/biogrep
  DeprecatedEAPI: version 1.0: uses deprecated EAPI: 0
  DeprecatedEAPI: version 1.0-r1: uses deprecated EAPI: 3
  MissingChksum: version 1.0: "biogrep-1.0.tar.gz" missing required chksums: sha512, whirlpool; has chksums: rmd160, sha1, sha256, size

sci-biology/bioperl
  DeprecatedEclass: version 9999-r1: uses deprecated eclass(es): [ git-2 (migrate to git-r3) ]

sci-biology/bioperl-db
  DeprecatedEclass: version 9999-r1: uses deprecated eclass(es): [ git-2 (migrate to git-r3) ]

sci-biology/bioperl-network
  DeprecatedEclass: version 9999-r1: uses deprecated eclass(es): [ git-2 (migrate to git-r3) ]

sci-biology/bioperl-run
  DeprecatedEclass: version 9999-r1: uses deprecated eclass(es): [ git-2 (migrate to git-r3) ]

sci-biology/bioruby
  DeprecatedEclass: version 9999: uses deprecated eclass(es): [ git-2 (migrate to git-r3) ]

sci-biology/biosql
  DeprecatedEAPI: version 1.0.1: uses deprecated EAPI: 0
  MissingChksum: version 1.0.1: "biosql-1.0.1.tar.bz2" missing required chksums: sha512, whirlpool; has chksums: sha256, size

sci-biology/blat
  DeprecatedEAPI: version 34: uses deprecated EAPI: 0
  MissingChksum: version 34: "blatSrc34.zip" missing required chksums: sha512, whirlpool; has chksums: sha256, size

sci-biology/blossoc
  DeprecatedEAPI: version 1.4.0: uses deprecated EAPI: 2
  MissingChksum: version 1.4.0: "blossoc-1.4.0.tar.gz" missing required chksums: sha512, whirlpool; has chksums: sha256, size

sci-biology/cd-hit
  DeprecatedEAPI: version 4.5.1: uses deprecated EAPI: 3
  MissingChksum: version 4.5.1: "cd-hit-v4.5.1-2011-01-31.tgz" missing required chksums: sha512, whirlpool; has chksums: rmd160, sha1, sha256, size
  MissingChksum: version 4.5.4: "cd-hit-v4.5.4-2011-03-07.tgz" missing required chksums: sha512, whirlpool; has chksums: rmd160, sha1, sha256, size
  MissingChksum: version 4.6: "cd-hit-v4.6-2012-04-25.tgz" missing required chksums: sha512, whirlpool; has chksums: rmd160, sha1, sha256, size

sci-biology/clustalw
  DroppedKeywordWarning: version 2.1: keywords dropped: alpha, ppc, ppc64, sparc

sci-biology/clustalw-mpi
  MissingChksum: version 0.13-r1: "clustalw-mpi-0.13.tar.gz" missing required chksums: sha512, whirlpool; has chksums: rmd160, sha1, sha256, size

sci-biology/consed
  DeprecatedEAPI: version 19-r2: uses deprecated EAPI: 3
  MissingChksum: version 19-r2: "consed-19-sources.tar.gz" missing required chksums: sha512, whirlpool; has chksums: sha256, size
  MissingChksum: version 19-r2: "consed-19-linux.tar.gz" missing required chksums: sha512, whirlpool; has chksums: sha256, size

sci-biology/cufflinks
  SizeViolation: "files/cufflinks-1.3.0-boost.patch" exceeds 20k in size; 52005 bytes total

sci-biology/diya
  MissingChksum: version 1.0_rc4: "diya-1.0-rc4.tar.gz" missing required chksums: sha512, whirlpool; has chksums: sha256, size

sci-biology/elph
  DeprecatedEAPI: version 0.1.5: uses deprecated EAPI: 0
  DeprecatedEAPI: version 1.0.1: uses deprecated EAPI: 0
  MissingChksum: version 0.1.5: "ELPH-0.1.5.tar.gz" missing required chksums: sha512, whirlpool; has chksums: rmd160, sha1, sha256, size
  MissingChksum: version 1.0.1: "ELPH-1.0.1.tar.gz" missing required chksums: sha512, whirlpool; has chksums: rmd160, sha1, sha256, size

sci-biology/embassy
  DeprecatedEAPI: version 6.0.1: uses deprecated EAPI: 0
  DroppedKeywordWarning: version 6.6.0: keywords dropped: ppc

sci-biology/embassy-cbstools
  DeprecatedEAPI: version 1.0.0: uses deprecated EAPI: 0
  MissingChksum: version 1.0.0: "EMBOSS-6.0.1.tar.gz" missing required chksums: sha512, whirlpool; has chksums: sha256, size
  MissingChksum: version 1.0.0: "embassy-6.0.1-cbstools-1.0.0.tar.gz" missing required chksums: sha512, whirlpool; has chksums: sha256, size

sci-biology/embassy-domainatrix
  DeprecatedEAPI: version 0.1.0-r3: uses deprecated EAPI: 0
  MissingChksum: version 0.1.0-r3: "EMBOSS-6.0.1.tar.gz" missing required chksums: sha512, whirlpool; has chksums: sha256, size
  MissingChksum: version 0.1.0-r3: "embassy-6.0.1-domainatrix-0.1.0.tar.gz" missing required chksums: sha512, whirlpool; has chksums: sha256, size

sci-biology/embassy-domalign
  DeprecatedEAPI: version 0.1.0-r3: uses deprecated EAPI: 0
  MissingChksum: version 0.1.0-r3: "EMBOSS-6.0.1.tar.gz" missing required chksums: sha512, whirlpool; has chksums: sha256, size
  MissingChksum: version 0.1.0-r3: "embassy-6.0.1-domalign-0.1.0.tar.gz" missing required chksums: sha512, whirlpool; has chksums: sha256, size

sci-biology/embassy-domsearch
  DeprecatedEAPI: version 0.1.0-r3: uses deprecated EAPI: 0
  MissingChksum: version 0.1.0-r3: "EMBOSS-6.0.1.tar.gz" missing required chksums: sha512, whirlpool; has chksums: sha256, size
  MissingChksum: version 0.1.0-r3: "embassy-6.0.1-domsearch-0.1.0.tar.gz" missing required chksums: sha512, whirlpool; has chksums: sha256, size

sci-biology/embassy-emnu
  DeprecatedEAPI: version 1.05-r5: uses deprecated EAPI: 0
  MissingChksum: version 1.05-r5: "EMBOSS-6.0.1.tar.gz" missing required chksums: sha512, whirlpool; has chksums: sha256, size
  MissingChksum: version 1.05-r5: "embassy-6.0.1-emnu-1.05.tar.gz" missing required chksums: sha512, whirlpool; has chksums: sha256, size

sci-biology/embassy-esim4
  DeprecatedEAPI: version 1.0.0-r5: uses deprecated EAPI: 0
  MissingChksum: version 1.0.0-r5: "EMBOSS-6.0.1.tar.gz" missing required chksums: sha512, whirlpool; has chksums: sha256, size
  MissingChksum: version 1.0.0-r5: "embassy-6.0.1-esim4-1.0.0.tar.gz" missing required chksums: sha512, whirlpool; has chksums: sha256, size

sci-biology/embassy-hmmer
  DeprecatedEAPI: version 2.3.2-r2: uses deprecated EAPI: 0
  MissingChksum: version 2.3.2-r2: "EMBOSS-6.0.1.tar.gz" missing required chksums: sha512, whirlpool; has chksums: sha256, size
  MissingChksum: version 2.3.2-r2: "embassy-6.0.1-hmmer-2.3.2.tar.gz" missing required chksums: sha512, whirlpool; has chksums: sha256, size

sci-biology/embassy-iprscan
  DeprecatedEAPI: version 4.3.1: uses deprecated EAPI: 0
  MissingChksum: version 4.3.1: "EMBOSS-6.0.1.tar.gz" missing required chksums: sha512, whirlpool; has chksums: sha256, size
  MissingChksum: version 4.3.1: "embassy-6.0.1-iprscan-4.3.1.tar.gz" missing required chksums: sha512, whirlpool; has chksums: sha256, size

sci-biology/embassy-memenew
  DeprecatedEAPI: version 0.1.0-r1: uses deprecated EAPI: 0
  MissingChksum: version 0.1.0-r1: "EMBOSS-6.0.1.tar.gz" missing required chksums: sha512, whirlpool; has chksums: sha256, size
  MissingChksum: version 0.1.0-r1: "embassy-6.0.1-memenew-0.1.0.tar.gz" missing required chksums: sha512, whirlpool; has chksums: sha256, size

sci-biology/embassy-mira
  DeprecatedEAPI: version 2.8.2: uses deprecated EAPI: 0
  MissingChksum: version 2.8.2: "EMBOSS-6.0.1.tar.gz" missing required chksums: sha512, whirlpool; has chksums: sha256, size
  MissingChksum: version 2.8.2: "embassy-6.0.1-mira-2.8.2.tar.gz" missing required chksums: sha512, whirlpool; has chksums: sha256, size

sci-biology/embassy-mse
  DeprecatedEAPI: version 1.0.0-r6: uses deprecated EAPI: 0
  MissingChksum: version 1.0.0-r6: "EMBOSS-6.0.1.tar.gz" missing required chksums: sha512, whirlpool; has chksums: sha256, size
  MissingChksum: version 1.0.0-r6: "embassy-6.0.1-mse-1.0.0.tar.gz" missing required chksums: sha512, whirlpool; has chksums: sha256, size

sci-biology/embassy-phylipnew
  DeprecatedEAPI: version 3.67: uses deprecated EAPI: 0
  MissingChksum: version 3.67: "EMBOSS-6.0.1.tar.gz" missing required chksums: sha512, whirlpool; has chksums: sha256, size
  MissingChksum: version 3.67: "embassy-6.0.1-phylipnew-3.67.tar.gz" missing required chksums: sha512, whirlpool; has chksums: sha256, size

sci-biology/embassy-signature
  DeprecatedEAPI: version 0.1.0-r3: uses deprecated EAPI: 0
  MissingChksum: version 0.1.0-r3: "EMBOSS-6.0.1.tar.gz" missing required chksums: sha512, whirlpool; has chksums: sha256, size
  MissingChksum: version 0.1.0-r3: "embassy-6.0.1-signature-0.1.0.tar.gz" missing required chksums: sha512, whirlpool; has chksums: sha256, size

sci-biology/embassy-structure
  DeprecatedEAPI: version 0.1.0-r3: uses deprecated EAPI: 0
  MissingChksum: version 0.1.0-r3: "EMBOSS-6.0.1.tar.gz" missing required chksums: sha512, whirlpool; has chksums: sha256, size
  MissingChksum: version 0.1.0-r3: "embassy-6.0.1-structure-0.1.0.tar.gz" missing required chksums: sha512, whirlpool; has chksums: sha256, size

sci-biology/embassy-topo
  DeprecatedEAPI: version 1.0.0-r5: uses deprecated EAPI: 0
  MissingChksum: version 1.0.0-r5: "EMBOSS-6.0.1.tar.gz" missing required chksums: sha512, whirlpool; has chksums: sha256, size
  MissingChksum: version 1.0.0-r5: "embassy-6.0.1-topo-1.0.0.tar.gz" missing required chksums: sha512, whirlpool; has chksums: sha256, size

sci-biology/embassy-vienna
  DeprecatedEAPI: version 1.7.2: uses deprecated EAPI: 0
  MissingChksum: version 1.7.2: "EMBOSS-6.0.1.tar.gz" missing required chksums: sha512, whirlpool; has chksums: sha256, size
  MissingChksum: version 1.7.2: "embassy-6.0.1-vienna-1.7.2.tar.gz" missing required chksums: sha512, whirlpool; has chksums: sha256, size

sci-biology/emboss
  DeprecatedEAPI: version 6.0.1: uses deprecated EAPI: 1
  MissingChksum: version 6.0.1: "EMBOSS-6.0.1.tar.gz" missing required chksums: sha512, whirlpool; has chksums: sha256, size
  MissingChksum: version 6.3.1_p4-r1: "EMBOSS-6.3.1.tar.gz" missing required chksums: sha512, whirlpool; has chksums: sha256, size
  MissingChksum: version 6.3.1_p4-r1: "emboss-6.3.1_p4.patch.gz" missing required chksums: sha512, whirlpool; has chksums: sha256, size

sci-biology/fasta
  DeprecatedEAPI: version 35.4.10: uses deprecated EAPI: 2

sci-biology/gatk
  DeprecatedEclass: version 9999: uses deprecated eclass(es): [ git-2 (migrate to git-r3) ]

sci-biology/gibbs
  MissingChksum: version 3.1: "gibbs-3.1.tar.gz" missing required chksums: sha512, whirlpool; has chksums: rmd160, sha1, sha256, size

sci-biology/gmap
  DeprecatedEAPI: version 2011.10.07: uses deprecated EAPI: 2

sci-biology/goby
  MissingChksum: version 1.9.7.3: "goby_1.9.7.3-src.zip" missing required chksums: sha512, whirlpool; has chksums: sha256, size
  MissingChksum: version 1.9.7.3: "goby_1.9.7.3-deps.zip" missing required chksums: sha512, whirlpool; has chksums: sha256, size
  MissingChksum: version 1.9.8.1: "goby_1.9.8.1-src.zip" missing required chksums: sha512, whirlpool; has chksums: sha256, size
  MissingChksum: version 1.9.8.1: "goby_1.9.8.1-deps.zip" missing required chksums: sha512, whirlpool; has chksums: sha256, size

sci-biology/goby-cpp
  SizeViolation: "files/Alignments.proto" exceeds 20k in size; 26192 bytes total
  MissingChksum: version 1.9.7.3: "goby_1.9.7.3-cpp.zip" missing required chksums: sha512, whirlpool; has chksums: sha256, size

sci-biology/hmmer
  DeprecatedEAPI: version 2.3.2-r1: uses deprecated EAPI: 0
  NonExistentDeps: version 2.3.2-r1: depset depends: nonexistent atoms [ sys-cluster/pvm ]
  NonExistentDeps: version 2.3.2-r1: depset rdepends: nonexistent atoms [ sys-cluster/pvm ]
  DeprecatedEAPI: version 2.3.2-r2: uses deprecated EAPI: 0
  NonExistentDeps: version 2.3.2-r2: depset depends: nonexistent atoms [ sys-cluster/pvm ]
  NonExistentDeps: version 2.3.2-r2: depset rdepends: nonexistent atoms [ sys-cluster/pvm ]
  DroppedKeywordWarning: version 3.0: keywords dropped: alpha, ia64, ppc, ppc64, sparc
  MissingChksum: version 2.3.2-r1: "hmmer-2.3.2.tar.gz" missing required chksums: sha512, whirlpool; has chksums: sha256, size
  MissingChksum: version 3.0: "hmmer-3.0.tar.gz" missing required chksums: sha512, whirlpool; has chksums: sha256, size

sci-biology/iedera
  DeprecatedEAPI: version 1.04: uses deprecated EAPI: 2
  MissingChksum: version 1.04: "iedera-1.04.tar.gz" missing required chksums: sha512, whirlpool; has chksums: sha256, size

sci-biology/iqpnni
  DeprecatedEAPI: version 3.2: uses deprecated EAPI: 0
  DeprecatedEAPI: version 3.3.1: uses deprecated EAPI: 0
  MissingChksum: version 3.2: "iqpnni-3.2.tar.gz" missing required chksums: sha512, whirlpool; has chksums: sha256, size
  MissingChksum: version 3.3.1: "iqpnni-3.3.1.tar.gz" missing required chksums: sha512, whirlpool; has chksums: sha256, size
  MissingChksum: version 3.3.2: "iqpnni-3.3.2.tar.gz" missing required chksums: sha512, whirlpool; has chksums: sha256, size

sci-biology/kalign
  DeprecatedEAPI: version 2.03: uses deprecated EAPI: 0
  MissingChksum: version 2.03: "kalign_2.03.orig.tar.gz" missing required chksums: sha512, whirlpool; has chksums: sha256, size

sci-biology/lagan
  DeprecatedEAPI: version 2.0-r1: uses deprecated EAPI: 2
  DeprecatedEAPI: version 2.0-r2: uses deprecated EAPI: 2
  MissingChksum: version 2.0-r1: "lagan20.tar.gz" missing required chksums: sha512, whirlpool; has chksums: sha256, size

sci-biology/mammoth
  MissingChksum: version 1.0-r1: "mammoth-1.0-src.tgz" missing required chksums: sha512, whirlpool; has chksums: sha256, size

sci-biology/maq
  DeprecatedEAPI: version 0.7.1: uses deprecated EAPI: 0
  MissingChksum: version 0.7.1: "maq-0.7.1.tar.bz2" missing required chksums: sha512, whirlpool; has chksums: sha256, size
  MissingChksum: version 0.7.1: "calib-36.dat.gz" missing required chksums: sha512, whirlpool; has chksums: sha256, size

sci-biology/mauve
  DeprecatedEAPI: version 9999: uses deprecated EAPI: 2

sci-biology/mauvealigner
  DeprecatedEAPI: version 9999: uses deprecated EAPI: 2

sci-biology/meme
  DeprecatedEclass: version 4.8.1-r2: uses deprecated eclass(es): [ python (migrate to python-r1 / python-single-r1 / python-any-r1) ]

sci-biology/mosaik
  DeprecatedEAPI: version 1.0.1367: uses deprecated EAPI: 2
  DeprecatedEAPI: version 1.0.1388: uses deprecated EAPI: 2
  MissingChksum: version 1.0.1367: "Mosaik-1.0.1367-source.tar.bz2" missing required chksums: sha512, whirlpool; has chksums: sha256, size
  MissingChksum: version 1.0.1388: "Mosaik-1.0.1388-source.tar.bz2" missing required chksums: sha512, whirlpool; has chksums: sha256, size

sci-biology/mothur
  DeprecatedEAPI: version 1.13.0-r1: uses deprecated EAPI: 2
  DeprecatedEAPI: version 1.13.0-r2: uses deprecated EAPI: 2

sci-biology/mummer
  DeprecatedEAPI: version 3.20: uses deprecated EAPI: 0
  DeprecatedEAPI: version 3.21: uses deprecated EAPI: 0
  DeprecatedEAPI: version 3.22-r1: uses deprecated EAPI: 3
  MissingChksum: version 3.20: "MUMmer3.20.tar.gz" missing required chksums: sha512, whirlpool; has chksums: sha256, size
  MissingChksum: version 3.21: "MUMmer3.21.tar.gz" missing required chksums: sha512, whirlpool; has chksums: sha256, size
  MissingChksum: version 3.22-r1: "MUMmer3.22.tar.gz" missing required chksums: sha512, whirlpool; has chksums: sha256, size

sci-biology/newick-utils
  DeprecatedEAPI: version 1.3.0: uses deprecated EAPI: 2
  DeprecatedEAPI: version 1.5.0: uses deprecated EAPI: 2
  MissingChksum: version 1.3.0: "newick-utils-1.3.0.tar.gz" missing required chksums: sha512, whirlpool; has chksums: sha256, size
  MissingChksum: version 1.5.0: "newick-utils-1.5.0.tar.gz" missing required chksums: sha512, whirlpool; has chksums: sha256, size

sci-biology/njplot
  DeprecatedEAPI: version 2.3: uses deprecated EAPI: 2

sci-biology/pals
  DeprecatedEAPI: version 1.0: uses deprecated EAPI: 2
  MissingChksum: version 1.0: "pals-1.0.tar.gz" missing required chksums: sha512, whirlpool; has chksums: sha256, size

sci-biology/phrap
  MissingChksum: version 1.080812-r1: "phrap-1.080812-distrib.tar.gz" missing required chksums: sha512, whirlpool; has chksums: sha256, size

sci-biology/phred
  DeprecatedEAPI: version 071220: uses deprecated EAPI: 0
  MissingChksum: version 071220: "phred-dist-071220.b-acd.tar.gz" missing required chksums: sha512, whirlpool; has chksums: sha256, size

sci-biology/phyml
  DeprecatedEAPI: version 2.4.5-r2: uses deprecated EAPI: 2

sci-biology/piler
  DeprecatedEAPI: version 1.0: uses deprecated EAPI: 2
  MissingChksum: version 1.0: "piler-1.0.tar.gz" missing required chksums: sha512, whirlpool; has chksums: sha256, size

sci-biology/pilercr
  MissingChksum: version 1.0: "pilercr-1.0.tar.gz" missing required chksums: sha512, whirlpool; has chksums: sha256, size

sci-biology/poa
  MissingChksum: version 2-r1: "poaV2.tar.gz" missing required chksums: sha512, whirlpool; has chksums: sha256, size

sci-biology/prank
  MissingChksum: version 100701: "prank.src.100701.tgz" missing required chksums: sha512, whirlpool; has chksums: sha256, size

sci-biology/prints
  DeprecatedEAPI: version 39.0: uses deprecated EAPI: 0
  MissingChksum: version 39.0: "prints-39.0.tar.bz2" missing required chksums: sha512, whirlpool; has chksums: rmd160, sha1, sha256, size

sci-biology/probcons
  MissingChksum: version 1.12-r1: "probcons_v1_12.tar.gz" missing required chksums: sha512, whirlpool; has chksums: sha256, size

sci-biology/prodigal
  DeprecatedEAPI: version 2.50: uses deprecated EAPI: 2
  DeprecatedEAPI: version 2.60: uses deprecated EAPI: 2
  MissingChksum: version 2.50: "prodigal.v2_50.tar.gz" missing required chksums: sha512, whirlpool; has chksums: rmd160, sha1, sha256, size
  MissingChksum: version 2.60: "prodigal.v2_60.tar.gz" missing required chksums: sha512, whirlpool; has chksums: rmd160, sha1, sha256, size

sci-biology/prosite
  DeprecatedEAPI: version 19.36: uses deprecated EAPI: 0
  DeprecatedEAPI: version 20.36: uses deprecated EAPI: 0
  DeprecatedEAPI: version 20.52: uses deprecated EAPI: 0
  DeprecatedEAPI: version 20.72: uses deprecated EAPI: 0
  MissingChksum: version 19.36: "prosite-19.36.tar.bz2" missing required chksums: sha512, whirlpool; has chksums: rmd160, sha1, sha256, size
  MissingChksum: version 20.36: "prosite-20.36.tar.bz2" missing required chksums: sha512, whirlpool; has chksums: rmd160, sha1, sha256, size
  MissingChksum: version 20.52: "prosite-20.52.tar.bz2" missing required chksums: sha512, whirlpool; has chksums: rmd160, sha1, sha256, size
  MissingChksum: version 20.72: "prosite-20.72.tar.bz2" missing required chksums: sha512, whirlpool; has chksums: rmd160, sha1, sha256, size

sci-biology/psipred
  DeprecatedEAPI: version 3.1: uses deprecated EAPI: 3
  NonExistentDeps: version 3.1: depset rdepends: nonexistent atoms [ sci-biology/ncbi-tools++ ]
  DeprecatedEAPI: version 3.2: uses deprecated EAPI: 3
  NonExistentDeps: version 3.2: depset rdepends: nonexistent atoms [ sci-biology/ncbi-tools++ ]
  NonExistentDeps: version 3.2.1: depset rdepends: nonexistent atoms [ sci-biology/ncbi-tools++ ]
  NonExistentDeps: version 3.3: depset rdepends: nonexistent atoms [ sci-biology/ncbi-tools++ ]
  NonExistentDeps: version 3.4: depset rdepends: nonexistent atoms [ sci-biology/ncbi-tools++ ]
  NonExistentDeps: version 3.5: depset rdepends: nonexistent atoms [ sci-biology/ncbi-tools++ ]

sci-biology/rmblast
  SizeViolation: "files/rmblast-1.2-gcc47.patch" exceeds 20k in size; 31795 bytes total

sci-biology/rnaview
  DeprecatedEAPI: version 20040713: uses deprecated EAPI: 0
  DeprecatedEAPI: version 20040713-r2: uses deprecated EAPI: 2

sci-biology/samtools
  DeprecatedEAPI: version 0.1.12: uses deprecated EAPI: 2
  MissingChksum: version 0.1.12: "samtools-0.1.12a.tar.bz2" missing required chksums: sha512, whirlpool; has chksums: sha256, size

sci-biology/shrimp
  MissingChksum: version 2.0.1: "SHRiMP_2_0_1.src.tar.gz" missing required chksums: sha512, whirlpool; has chksums: sha256, size

sci-biology/sim4
  DeprecatedEAPI: version 20030921: uses deprecated EAPI: 0
  DeprecatedEAPI: version 20030921-r1: uses deprecated EAPI: 0
  MissingChksum: version 20030921: "sim4.tar.gz" missing required chksums: sha512, whirlpool; has chksums: rmd160, sha1, sha256, size

sci-biology/snpfile
  DeprecatedEAPI: version 2.0.1: uses deprecated EAPI: 2
  MissingChksum: version 2.0.1: "snpfile-2.0.1.tar.gz" missing required chksums: sha512, whirlpool; has chksums: sha256, size

sci-biology/tophat
  DeprecatedEAPI: version 1.0.12: uses deprecated EAPI: 2
  MissingChksum: version 1.0.12: "tophat-1.0.12.tar.gz" missing required chksums: sha512, whirlpool; has chksums: sha256, size
  MissingChksum: version 1.4.1: "tophat-1.4.1.tar.gz" missing required chksums: sha512, whirlpool; has chksums: sha256, size

sci-biology/transfac
  DeprecatedEAPI: version 3.2: uses deprecated EAPI: 0
  MissingChksum: version 3.2: "transfac32.tar.Z" missing required chksums: sha512, whirlpool; has chksums: rmd160, sha1, sha256, size

sci-biology/treeviewx
  DeprecatedEAPI: version 0.5.1-r2: uses deprecated EAPI: 2
  MissingChksum: version 0.5.1-r2: "tv-0.5.1.tar.gz" missing required chksums: sha512, whirlpool; has chksums: rmd160, sha1, sha256, size

sci-biology/trnascan-se
  DeprecatedEAPI: version 1.23-r2: uses deprecated EAPI: 3

sci-biology/unafold
  DeprecatedEAPI: version 3.8: uses deprecated EAPI: 3

sci-biology/wgs-assembler
  DeprecatedEAPI: version 5.4: uses deprecated EAPI: 2
  DeprecatedEAPI: version 6.1: uses deprecated EAPI: 2
  DeprecatedEAPI: version 7.0: uses deprecated EAPI: 2
  DeprecatedEclass: version 7.0-r1: uses deprecated eclass(es): [ python (migrate to python-r1 / python-single-r1 / python-any-r1) ]
  MissingChksum: version 5.4: "wgs-5.4.tar.bz2" missing required chksums: sha512, whirlpool; has chksums: sha256, size

sci-biology/wise
  SizeViolation: "files/wise-2.4.0_alpha-cflags.patch" exceeds 20k in size; 27241 bytes total

sci-biology/yass
  DeprecatedEAPI: version 1.14: uses deprecated EAPI: 2
  DeprecatedEAPI: version 1.14-r1: uses deprecated EAPI: 2
  MissingChksum: version 1.14: "yass-1.14.tar.gz" missing required chksums: sha512, whirlpool; has chksums: sha256, size
WARNING pkgcore: invalid glsa- glsa-201206-24.xml, package www-servers/tomcat:
               : error range rlt version 5.5.34 is a guaranteed empty set

x11-drivers/afb-ucode
  DeprecatedEAPI: version 1.3.11: uses deprecated EAPI: 0
  MissingChksum: version 1.3.11: "afb-ucode.tar.bz2" missing required chksums: sha512, whirlpool; has chksums: sha256, size

x11-drivers/nvidia-drivers
  VulnerablePackage: version 96.43.23: vulnerable via glsa(201206-19) ( ver < 295.40 ), keywords ('amd64', 'x86', 'x86-fbsd')
  VulnerablePackage: version 96.43.23: vulnerable via glsa(201304-01) ( ver < 304.88 ), keywords ('amd64', 'x86', 'x86-fbsd')
  VulnerablePackage: version 96.43.23: vulnerable via glsa(201402-02) ( ver < 331.20 && ver not = 319.76 && ver not = 304.116 && ver not = 304.119 && ver not = 304.121 ), keywords ('amd64', 'x86', 'x86-fbsd')
  VulnerablePackage: version 173.14.39: vulnerable via glsa(201206-19) ( ver < 295.40 ), keywords ('amd64', 'x86', 'x86-fbsd')
  VulnerablePackage: version 173.14.39: vulnerable via glsa(201304-01) ( ver < 304.88 ), keywords ('amd64', 'x86', 'x86-fbsd')
  VulnerablePackage: version 173.14.39: vulnerable via glsa(201402-02) ( ver < 331.20 && ver not = 319.76 && ver not = 304.116 && ver not = 304.119 && ver not = 304.121 ), keywords ('amd64', 'x86', 'x86-fbsd')
  VulnerablePackage: version 304.125: vulnerable via glsa(201402-02) ( ver < 331.20 && ver not = 319.76 && ver not = 304.116 && ver not = 304.119 && ver not = 304.121 ), keywords ('amd64', 'amd64-fbsd', 'x86', 'x86-fbsd')
  ExecutableFile: "files/nvidia-persistenced.init" has unnecessary executable bit

x11-drivers/xf86-input-acecad
  DeprecatedEAPI: version 1.4.0: uses deprecated EAPI: 0
  DeprecatedEclass: version 1.4.0: uses deprecated eclass(es): [ x-modular (migrate to xorg-2) ]
  MissingChksum: version 1.4.0: "xf86-input-acecad-1.4.0.tar.bz2" missing required chksums: sha512, whirlpool; has chksums: rmd160, sha1, sha256, size
  MissingChksum: version 1.5.0: "xf86-input-acecad-1.5.0.tar.bz2" missing required chksums: sha512, whirlpool; has chksums: rmd160, sha1, sha256, size

x11-drivers/xf86-input-aiptek
  DeprecatedEAPI: version 1.3.1: uses deprecated EAPI: 3
  MissingChksum: version 1.3.1: "xf86-input-aiptek-1.3.1.tar.bz2" missing required chksums: sha512, whirlpool; has chksums: rmd160, sha1, sha256, size
  MissingChksum: version 1.4.0: "xf86-input-aiptek-1.4.0.tar.bz2" missing required chksums: sha512, whirlpool; has chksums: rmd160, sha1, sha256, size
  MissingChksum: version 1.4.1: "xf86-input-aiptek-1.4.1.tar.bz2" missing required chksums: sha512, whirlpool; has chksums: rmd160, sha1, sha256, size

x11-drivers/xf86-input-elographics
  DeprecatedEAPI: version 1.2.4: uses deprecated EAPI: 3

x11-drivers/xf86-input-fpit
  DeprecatedEAPI: version 1.3.0-r1: uses deprecated EAPI: 0
  DeprecatedEclass: version 1.3.0-r1: uses deprecated eclass(es): [ x-modular (migrate to xorg-2) ]
  MissingChksum: version 1.3.0-r1: "xf86-input-fpit-1.3.0.tar.bz2" missing required chksums: sha512, whirlpool; has chksums: rmd160, sha1, sha256, size
  MissingChksum: version 1.4.0: "xf86-input-fpit-1.4.0.tar.bz2" missing required chksums: sha512, whirlpool; has chksums: rmd160, sha1, sha256, size

x11-drivers/xf86-input-hyperpen
  DeprecatedEAPI: version 1.3.0: uses deprecated EAPI: 0
  DeprecatedEclass: version 1.3.0: uses deprecated eclass(es): [ x-modular (migrate to xorg-2) ]
  MissingChksum: version 1.3.0: "xf86-input-hyperpen-1.3.0.tar.bz2" missing required chksums: sha512, whirlpool; has chksums: rmd160, sha1, sha256, size
  MissingChksum: version 1.4.1: "xf86-input-hyperpen-1.4.1.tar.bz2" missing required chksums: sha512, whirlpool; has chksums: rmd160, sha1, sha256, size

x11-drivers/xf86-input-mutouch
  DeprecatedEAPI: version 1.2.1: uses deprecated EAPI: 0
  DeprecatedEclass: version 1.2.1: uses deprecated eclass(es): [ x-modular (migrate to xorg-2) ]
  MissingChksum: version 1.2.1: "xf86-input-mutouch-1.2.1.tar.bz2" missing required chksums: sha512, whirlpool; has chksums: rmd160, sha1, sha256, size
  MissingChksum: version 1.3.0: "xf86-input-mutouch-1.3.0.tar.bz2" missing required chksums: sha512, whirlpool; has chksums: rmd160, sha1, sha256, size

x11-drivers/xf86-input-penmount
  DeprecatedEAPI: version 1.4.1: uses deprecated EAPI: 0
  DeprecatedEclass: version 1.4.1: uses deprecated eclass(es): [ x-modular (migrate to xorg-2) ]
  MissingChksum: version 1.4.1: "xf86-input-penmount-1.4.1.tar.bz2" missing required chksums: sha512, whirlpool; has chksums: rmd160, sha1, sha256, size
  MissingChksum: version 1.5.0: "xf86-input-penmount-1.5.0.tar.bz2" missing required chksums: sha512, whirlpool; has chksums: rmd160, sha1, sha256, size

x11-drivers/xf86-input-vmmouse
  MissingChksum: version 12.9.0: "xf86-input-vmmouse-12.9.0.tar.bz2" missing required chksums: sha512, whirlpool; has chksums: sha256, size

x11-drivers/xf86-input-void
  DeprecatedEAPI: version 1.3.1: uses deprecated EAPI: 3

x11-drivers/xf86-video-ati
  DeprecatedEAPI: version 6.13.2: uses deprecated EAPI: 3

x11-drivers/xf86-video-fbdev
  DeprecatedEAPI: version 0.4.3: uses deprecated EAPI: 3

x11-drivers/xf86-video-i128
  MissingChksum: version 1.3.5: "xf86-video-i128-1.3.5.tar.bz2" missing required chksums: sha512, whirlpool; has chksums: sha256, size

x11-drivers/xf86-video-intel
  DeprecatedEAPI: version 2.9.1: uses deprecated EAPI: 0
  DeprecatedEclass: version 2.9.1: uses deprecated eclass(es): [ x-modular (migrate to xorg-2) ]

x11-drivers/xf86-video-newport
  MissingChksum: version 0.2.3: "xf86-video-newport-0.2.3.tar.bz2" missing required chksums: sha512, whirlpool; has chksums: rmd160, sha1, sha256, size
  MissingChksum: version 0.2.4: "xf86-video-newport-0.2.4.tar.bz2" missing required chksums: sha512, whirlpool; has chksums: rmd160, sha1, sha256, size

x11-drivers/xf86-video-nv
  DeprecatedEAPI: version 2.1.18: uses deprecated EAPI: 3

x11-drivers/xf86-video-omapfb
  DeprecatedEAPI: version 0.1.1_p3: uses deprecated EAPI: 3

x11-drivers/xf86-video-rendition
  DeprecatedEAPI: version 4.2.4: uses deprecated EAPI: 3
  MissingChksum: version 4.2.4: "xf86-video-rendition-4.2.4.tar.bz2" missing required chksums: sha512, whirlpool; has chksums: sha256, size

x11-drivers/xf86-video-s3virge
  DeprecatedEAPI: version 1.10.4: uses deprecated EAPI: 0
  DeprecatedEclass: version 1.10.4: uses deprecated eclass(es): [ x-modular (migrate to xorg-2) ]
  MissingChksum: version 1.10.5: "xf86-video-s3virge-1.10.5.tar.bz2" missing required chksums: sha512, whirlpool; has chksums: sha256, size

x11-drivers/xf86-video-sis
  DeprecatedEAPI: version 0.10.3: uses deprecated EAPI: 3
  MissingChksum: version 0.10.3: "xf86-video-sis-0.10.3.tar.bz2" missing required chksums: sha512, whirlpool; has chksums: sha256, size
  MissingChksum: version 0.10.4-r1: "xf86-video-sis-0.10.4.tar.bz2" missing required chksums: sha512, whirlpool; has chksums: sha256, size

x11-drivers/xf86-video-suncg14
  DeprecatedEAPI: version 1.1.1: uses deprecated EAPI: 0
  DeprecatedEclass: version 1.1.1: uses deprecated eclass(es): [ x-modular (migrate to xorg-2) ]
  DeprecatedEAPI: version 1.1.2: uses deprecated EAPI: 0
  DeprecatedEclass: version 1.1.2: uses deprecated eclass(es): [ x-modular (migrate to xorg-2) ]
  MissingChksum: version 1.1.1: "xf86-video-suncg14-1.1.1.tar.bz2" missing required chksums: sha512, whirlpool; has chksums: sha256, size

x11-drivers/xf86-video-suncg3
  DeprecatedEAPI: version 1.1.1: uses deprecated EAPI: 0
  DeprecatedEclass: version 1.1.1: uses deprecated eclass(es): [ x-modular (migrate to xorg-2) ]
  DeprecatedEAPI: version 1.1.2: uses deprecated EAPI: 0
  DeprecatedEclass: version 1.1.2: uses deprecated eclass(es): [ x-modular (migrate to xorg-2) ]
  MissingChksum: version 1.1.1: "xf86-video-suncg3-1.1.1.tar.bz2" missing required chksums: sha512, whirlpool; has chksums: sha256, size

x11-drivers/xf86-video-suncg6
  DeprecatedEAPI: version 1.1.1: uses deprecated EAPI: 0
  DeprecatedEclass: version 1.1.1: uses deprecated eclass(es): [ x-modular (migrate to xorg-2) ]
  DeprecatedEAPI: version 1.1.2: uses deprecated EAPI: 0
  DeprecatedEclass: version 1.1.2: uses deprecated eclass(es): [ x-modular (migrate to xorg-2) ]
  MissingChksum: version 1.1.1: "xf86-video-suncg6-1.1.1.tar.bz2" missing required chksums: sha512, whirlpool; has chksums: sha256, size

x11-drivers/xf86-video-sunffb
  DeprecatedEAPI: version 1.2.1: uses deprecated EAPI: 0
  DeprecatedEclass: version 1.2.1: uses deprecated eclass(es): [ x-modular (migrate to xorg-2) ]
  DeprecatedEAPI: version 1.2.2: uses deprecated EAPI: 0
  DeprecatedEclass: version 1.2.2: uses deprecated eclass(es): [ x-modular (migrate to xorg-2) ]
  MissingChksum: version 1.2.1: "xf86-video-sunffb-1.2.1.tar.bz2" missing required chksums: sha512, whirlpool; has chksums: sha256, size

x11-drivers/xf86-video-sunleo
  DeprecatedEAPI: version 1.2.0: uses deprecated EAPI: 0
  DeprecatedEclass: version 1.2.0: uses deprecated eclass(es): [ x-modular (migrate to xorg-2) ]
  DeprecatedEAPI: version 1.2.1: uses deprecated EAPI: 0
  DeprecatedEclass: version 1.2.1: uses deprecated eclass(es): [ x-modular (migrate to xorg-2) ]
  MissingChksum: version 1.2.0: "xf86-video-sunleo-1.2.0.tar.bz2" missing required chksums: sha512, whirlpool; has chksums: sha256, size

x11-drivers/xf86-video-suntcx
  DeprecatedEAPI: version 1.1.1: uses deprecated EAPI: 0
  DeprecatedEclass: version 1.1.1: uses deprecated eclass(es): [ x-modular (migrate to xorg-2) ]
  DeprecatedEAPI: version 1.1.2: uses deprecated EAPI: 0
  DeprecatedEclass: version 1.1.2: uses deprecated eclass(es): [ x-modular (migrate to xorg-2) ]
  MissingChksum: version 1.1.1: "xf86-video-suntcx-1.1.1.tar.bz2" missing required chksums: sha512, whirlpool; has chksums: sha256, size

x11-drivers/xf86-video-tseng
  DeprecatedEAPI: version 1.2.4: uses deprecated EAPI: 3
  MissingChksum: version 1.2.4: "xf86-video-tseng-1.2.4.tar.bz2" missing required chksums: sha512, whirlpool; has chksums: sha256, size

x11-drivers/xf86-video-v4l
  DeprecatedEAPI: version 0.2.0: uses deprecated EAPI: 0
  DeprecatedEclass: version 0.2.0: uses deprecated eclass(es): [ x-modular (migrate to xorg-2) ]
  MissingChksum: version 0.2.0: "xf86-video-v4l-0.2.0.tar.bz2" missing required chksums: sha512, whirlpool; has chksums: rmd160, sha1, sha256, size

x11-drivers/xf86-video-virtualbox
  ExecutableFile: "files/xf86-video-virtualbox-3-vboxvideo_drm.makefile" has unnecessary executable bit

x11-drivers/xf86-video-voodoo
  DeprecatedEAPI: version 1.2.4: uses deprecated EAPI: 3
  MissingChksum: version 1.2.4: "xf86-video-voodoo-1.2.4.tar.bz2" missing required chksums: sha512, whirlpool; has chksums: sha256, size
WARNING pkgcore: invalid glsa- glsa-201206-24.xml, package www-servers/tomcat:
               : error range rlt version 5.5.34 is a guaranteed empty set

x11-apps/bdftopcf
  DroppedKeywordWarning: version 1.0.5: keywords dropped: arm64

x11-apps/fonttosfnt
  MissingChksum: version 1.0.4-r1: "fonttosfnt-1.0.4.tar.bz2" missing required chksums: sha512, whirlpool; has chksums: sha256, size

x11-apps/fusion-icon
  DeprecatedEclass: version 0.1-r2: uses deprecated eclass(es): [ distutils (migrate to distutils-r1), python (migrate to python-r1 / python-single-r1 / python-any-r1) ]
  DeprecatedEclass: version 0.1-r3: uses deprecated eclass(es): [ distutils (migrate to distutils-r1), python (migrate to python-r1 / python-single-r1 / python-any-r1) ]

x11-apps/iceauth
  DroppedKeywordWarning: version 1.0.7: keywords dropped: arm64

x11-apps/listres
  MissingChksum: version 1.0.3: "listres-1.0.3.tar.bz2" missing required chksums: sha512, whirlpool; has chksums: sha256, size

x11-apps/oclock
  MissingChksum: version 1.0.3: "oclock-1.0.3.tar.bz2" missing required chksums: sha512, whirlpool; has chksums: sha256, size

x11-apps/python-whiteboard
  DeprecatedEAPI: version 20101012: uses deprecated EAPI: 3
  DeprecatedEclass: version 20101012: uses deprecated eclass(es): [ python (migrate to python-r1 / python-single-r1 / python-any-r1) ]
  MissingChksum: version 20101012: "python-whiteboard-20101012.tar.bz2" missing required chksums: sha512, whirlpool; has chksums: sha256, size

x11-apps/scripts
  DeprecatedEAPI: version 1.0.1-r1: uses deprecated EAPI: 3

x11-apps/smproxy
  MissingChksum: version 1.0.5: "smproxy-1.0.5.tar.bz2" missing required chksums: sha512, whirlpool; has chksums: sha256, size

x11-apps/spotlighter
  DeprecatedEAPI: version 0.1: uses deprecated EAPI: 3
  MissingChksum: version 0.1: "spotlighter-0.1.tar.gz" missing required chksums: sha512, whirlpool; has chksums: sha256, size

x11-apps/transset
  MissingChksum: version 1.0.0: "transset-1.0.0.tar.bz2" missing required chksums: sha512, whirlpool; has chksums: sha256, size

x11-apps/x11perf
  MissingChksum: version 1.5.4: "x11perf-1.5.4.tar.bz2" missing required chksums: sha512, whirlpool; has chksums: sha256, size

x11-apps/xauth
  DroppedKeywordWarning: version 1.0.9-r2: keywords dropped: arm64

x11-apps/xbacklight
  DeprecatedEAPI: version 1.2.1: uses deprecated EAPI: 3

x11-apps/xbiff
  DeprecatedEAPI: version 1.0.3: uses deprecated EAPI: 3
  MissingChksum: version 1.0.3: "xbiff-1.0.3.tar.bz2" missing required chksums: sha512, whirlpool; has chksums: rmd160, sha1, sha256, size

x11-apps/xcmsdb
  MissingChksum: version 1.0.4: "xcmsdb-1.0.4.tar.bz2" missing required chksums: sha512, whirlpool; has chksums: sha256, size

x11-apps/xdbedizzy
  DeprecatedEAPI: version 1.1.0: uses deprecated EAPI: 3
  MissingChksum: version 1.1.0: "xdbedizzy-1.1.0.tar.bz2" missing required chksums: sha512, whirlpool; has chksums: rmd160, sha1, sha256, size

x11-apps/xdriinfo
  DeprecatedEAPI: version 1.0.4: uses deprecated EAPI: 3
  MissingChksum: version 1.0.4: "xdriinfo-1.0.4.tar.bz2" missing required chksums: sha512, whirlpool; has chksums: sha256, size

x11-apps/xeyes
  DeprecatedEAPI: version 1.1.1: uses deprecated EAPI: 3
  MissingChksum: version 1.1.1: "xeyes-1.1.1.tar.bz2" missing required chksums: sha512, whirlpool; has chksums: rmd160, sha1, sha256, size

x11-apps/xf86dga
  DeprecatedEAPI: version 1.0.3: uses deprecated EAPI: 3
  MissingChksum: version 1.0.3: "xf86dga-1.0.3.tar.bz2" missing required chksums: sha512, whirlpool; has chksums: rmd160, sha1, sha256, size

x11-apps/xgamma
  MissingChksum: version 1.0.5: "xgamma-1.0.5.tar.bz2" missing required chksums: sha512, whirlpool; has chksums: sha256, size

x11-apps/xinit
  DroppedKeywordWarning: version 1.3.4: keywords dropped: arm64

x11-apps/xkbevd
  MissingChksum: version 1.1.3: "xkbevd-1.1.3.tar.bz2" missing required chksums: sha512, whirlpool; has chksums: sha256, size

x11-apps/xkbprint
  DeprecatedEAPI: version 1.0.3: uses deprecated EAPI: 3
  MissingChksum: version 1.0.3: "xkbprint-1.0.3.tar.bz2" missing required chksums: sha512, whirlpool; has chksums: rmd160, sha1, sha256, size

x11-apps/xlogo
  MissingChksum: version 1.0.4: "xlogo-1.0.4.tar.bz2" missing required chksums: sha512, whirlpool; has chksums: sha256, size

x11-apps/xlsatoms
  MissingChksum: version 1.1.1: "xlsatoms-1.1.1.tar.bz2" missing required chksums: sha512, whirlpool; has chksums: sha256, size

x11-apps/xlsfonts
  MissingChksum: version 1.0.4: "xlsfonts-1.0.4.tar.bz2" missing required chksums: sha512, whirlpool; has chksums: sha256, size

x11-apps/xmore
  DeprecatedEAPI: version 1.0.2: uses deprecated EAPI: 3
  MissingChksum: version 1.0.2: "xmore-1.0.2.tar.bz2" missing required chksums: sha512, whirlpool; has chksums: rmd160, sha1, sha256, size

x11-apps/xpr
  MissingChksum: version 1.0.4: "xpr-1.0.4.tar.bz2" missing required chksums: sha512, whirlpool; has chksums: sha256, size

x11-apps/xtrap
  MissingChksum: version 1.0.2-r1: "xtrap-1.0.2.tar.bz2" missing required chksums: sha512, whirlpool; has chksums: sha256, size

x11-apps/xwarppointer
  DeprecatedEAPI: version 1-r1: uses deprecated EAPI: 2
  MissingChksum: version 1-r1: "xwarppointer.tar.gz" missing required chksums: sha512, whirlpool; has chksums: sha256, size

x11-apps/xwud
  MissingChksum: version 1.0.4: "xwud-1.0.4.tar.bz2" missing required chksums: sha512, whirlpool; has chksums: sha256, size
WARNING pkgcore: invalid glsa- glsa-201206-24.xml, package www-servers/tomcat:
               : error range rlt version 5.5.34 is a guaranteed empty set

www-servers/fnord
  DeprecatedEAPI: version 1.10-r2: uses deprecated EAPI: 3
  DeprecatedEAPI: version 1.11: uses deprecated EAPI: 3
  MissingChksum: version 1.10-r2: "fnord-1.10.tar.bz2" missing required chksums: sha512, whirlpool; has chksums: sha256, size

www-servers/gatling
  MissingChksum: version 0.12-r2: "gatling-0.12.tar.bz2" missing required chksums: sha512, whirlpool; has chksums: sha256, size

www-servers/gunicorn
  DeprecatedEclass: version 0.17.4: uses deprecated eclass(es): [ distutils (migrate to distutils-r1), python (migrate to python-r1 / python-single-r1 / python-any-r1) ]

www-servers/lighttpd
  SizeViolation: "files/lighttpd-1.4.29-mod_uploadprogress.patch" exceeds 20k in size; 22472 bytes total

www-servers/pound
  DeprecatedEAPI: version 2.6: uses deprecated EAPI: 2
  MissingChksum: version 2.6: "Pound-2.6.tgz" missing required chksums: sha512, whirlpool; has chksums: sha256, size

www-servers/resin
  DeprecatedEAPI: version 4.0.22: uses deprecated EAPI: 2
  MissingChksum: version 4.0.22: "resin-4.0.22-src.zip" missing required chksums: sha512, whirlpool; has chksums: sha256, size
  MissingChksum: version 4.0.22: "resin-gentoo-patches-4.0.22-r1.tar.bz2" missing required chksums: sha512, whirlpool; has chksums: sha256, size
  MissingChksum: version 4.0.25: "resin-4.0.25-src.zip" missing required chksums: sha512, whirlpool; has chksums: sha256, size
  MissingChksum: version 4.0.25: "resin-gentoo-patches-4.0.25-r1.tar.bz2" missing required chksums: sha512, whirlpool; has chksums: sha256, size
  MissingChksum: version 4.0.26: "resin-4.0.26-src.zip" missing required chksums: sha512, whirlpool; has chksums: sha256, size
  MissingChksum: version 4.0.26: "resin-gentoo-patches-4.0.26.tar.bz2" missing required chksums: sha512, whirlpool; has chksums: sha256, size

www-servers/servefile
  DeprecatedEclass: version 0.4.2: uses deprecated eclass(es): [ distutils (migrate to distutils-r1), python (migrate to python-r1 / python-single-r1 / python-any-r1) ]
  DeprecatedEclass: version 0.4.3: uses deprecated eclass(es): [ distutils (migrate to distutils-r1), python (migrate to python-r1 / python-single-r1 / python-any-r1) ]

www-servers/skunkweb
  DeprecatedEAPI: version 3.4.4: uses deprecated EAPI: 3
  DeprecatedEclass: version 3.4.4: uses deprecated eclass(es): [ python (migrate to python-r1 / python-single-r1 / python-any-r1) ]
  ExecutableFile: "files/skunkweb-cron-cache_cleaner" has unnecessary executable bit
  ExecutableFile: "files/skunkweb-init" has unnecessary executable bit
  MissingChksum: version 3.4.4: "skunkweb-3.4.4.tar.gz" missing required chksums: sha512, whirlpool; has chksums: sha256, size

www-servers/thttpd
  DeprecatedEclass: version 9999: uses deprecated eclass(es): [ git-2 (migrate to git-r3) ]

www-servers/tomcat
  VulnerablePackage: version 6.0.44: vulnerable via glsa(201412-29) ( ver < 7.0.56 && ver not = 6.0.41 ), keywords ('amd64', 'ppc', 'ppc64', 'x86', 'x86-fbsd')
  DroppedKeywordWarning: version 8.0.22: keywords dropped: ppc, ppc64

www-servers/tornado
  DroppedKeywordWarning: version 4.1.0: keywords dropped: ppc

www-servers/varnish
  ExecutableFile: "files/varnishd.initd-r1" has unnecessary executable bit
  ExecutableFile: "files/varnishd.initd-r2" has unnecessary executable bit
WARNING pkgcore: invalid glsa- glsa-201206-24.xml, package www-servers/tomcat:
               : error range rlt version 5.5.34 is a guaranteed empty set

sci-visualization/gcalc
  MissingChksum: version 3.1_rc1: "GCalc-3.1-rc1.tar.gz" missing required chksums: sha512, whirlpool; has chksums: rmd160, sha1, sha256, size

sci-visualization/ggobi
  DeprecatedEAPI: version 2.1.8: uses deprecated EAPI: 2
  MissingChksum: version 2.1.8: "ggobi-2.1.8.tar.bz2" missing required chksums: sha512, whirlpool; has chksums: sha256, size

sci-visualization/gle
  MissingChksum: version 4.2.4b: "gle-manual-4.2.2.pdf" missing required chksums: sha512, whirlpool; has chksums: sha256, size
  MissingChksum: version 4.2.4b: "GLEusersguide.pdf" missing required chksums: sha512, whirlpool; has chksums: sha256, size

sci-visualization/gri
  DeprecatedEAPI: version 2.12.19: uses deprecated EAPI: 2

sci-visualization/kst
  NonExistentDeps: version 2.0.7: depset depends: nonexistent atoms [ <dev-qt/qtgui-4.8.5:4 ]
  NonExistentDeps: version 2.0.7: depset rdepends: nonexistent atoms [ <dev-qt/qtgui-4.8.5:4 ]

sci-visualization/nonolith-connect
  ExecutableFile: "files/nonolith-connect.initd" has unnecessary executable bit

sci-visualization/pyxplot
  DeprecatedEAPI: version 0.7.1: uses deprecated EAPI: 2
  DeprecatedEclass: version 0.7.1: uses deprecated eclass(es): [ python (migrate to python-r1 / python-single-r1 / python-any-r1) ]
  MissingChksum: version 0.7.1: "pyxplot_0.7.1.tar.gz" missing required chksums: sha512, whirlpool; has chksums: sha256, size

sci-visualization/spyview
  DroppedKeywordWarning: version 20130823: keywords dropped: amd64

sci-visualization/veusz
  DeprecatedEAPI: version 1.11: uses deprecated EAPI: 3
  DeprecatedEclass: version 1.11: uses deprecated eclass(es): [ distutils (migrate to distutils-r1), python (migrate to python-r1 / python-single-r1 / python-any-r1) ]
  MissingChksum: version 1.11: "veusz-1.11.tar.gz" missing required chksums: sha512, whirlpool; has chksums: sha256, size

sci-visualization/xds-viewer
  MissingChksum: version 0.6: "xds-viewer-0.6.tar.gz" missing required chksums: sha512, whirlpool; has chksums: sha256, size

sci-visualization/xgraph
  DeprecatedEAPI: version 12.1-r2: uses deprecated EAPI: 3
WARNING pkgcore: invalid glsa- glsa-201206-24.xml, package www-servers/tomcat:
               : error range rlt version 5.5.34 is a guaranteed empty set

net-ftp/atftp
  ExecutableFile: "files/atftp.init" has unnecessary executable bit

net-ftp/bareftp
  DeprecatedEclass: version 0.3.9: uses deprecated eclass(es): [ mono (migrate to mono-env) ]
  DeprecatedEclass: version 0.3.10: uses deprecated eclass(es): [ mono (migrate to mono-env) ]
  MissingChksum: version 0.3.9: "bareftp-0.3.9.tar.gz" missing required chksums: sha512, whirlpool; has chksums: sha256, size

net-ftp/ftp
  DeprecatedEAPI: version 0.17-r7: uses deprecated EAPI: 0
  DeprecatedEAPI: version 0.17.23.0.2.1: uses deprecated EAPI: 2
  MissingChksum: version 0.17-r7: "netkit-ftp-0.17-patches-1.tar.bz2" missing required chksums: sha512, whirlpool; has chksums: sha256, size

net-ftp/ftpbase
  DeprecatedEAPI: version 0.01-r2: uses deprecated EAPI: 0

net-ftp/netkit-ftpd
  DeprecatedEAPI: version 0.17-r8: uses deprecated EAPI: 0

net-ftp/oftpd
  DeprecatedEAPI: version 0.3.7-r7: uses deprecated EAPI: 2

net-ftp/oneclickftp
  DeprecatedEAPI: version 0.5.1: uses deprecated EAPI: 2
  MissingChksum: version 0.5.1: "oneclickftp-0.5.1.tar.gz" missing required chksums: sha512, whirlpool; has chksums: sha256, size

net-ftp/pure-ftpd
  DroppedKeywordWarning: version 1.0.39: keywords dropped: alpha, sparc

net-ftp/scythia
  DeprecatedEAPI: version 0.9.3_p2: uses deprecated EAPI: 3
  MissingChksum: version 0.9.3_p2: "scythia_0.9.3-2-src.tar.gz" missing required chksums: sha512, whirlpool; has chksums: sha256, size

net-ftp/tlswrap
  DeprecatedEAPI: version 1.04: uses deprecated EAPI: 0
  MissingChksum: version 1.04: "tlswrap-1.04.tar.gz" missing required chksums: sha512, whirlpool; has chksums: sha256, size

net-ftp/tnftp
  DeprecatedEAPI: version 20100108: uses deprecated EAPI: 2
WARNING pkgcore: invalid glsa- glsa-201206-24.xml, package www-servers/tomcat:
               : error range rlt version 5.5.34 is a guaranteed empty set

sci-astronomy/swarp
  MissingChksum: version 2.19.1: "swarp-2.19.1.tar.gz" missing required chksums: sha512, whirlpool; has chksums: rmd160, sha1, sha256, size
WARNING pkgcore: invalid glsa- glsa-201206-24.xml, package www-servers/tomcat:
               : error range rlt version 5.5.34 is a guaranteed empty set

games-simulation/openttd
  ExecutableFile: "files/openttd.initd" has unnecessary executable bit
+ [[ 0 == 0 ]]
